2026-02-17T23:27:25.778180 | INFO | Starting IDX Channel news pipeline
2026-02-17T23:27:25.778339 | INFO | Fetching IDX Channel listing pages
2026-02-17T23:27:30.272753 | INFO | Found 6 articles from listings
2026-02-17T23:27:30.273164 | INFO | Found 6 articles from today
2026-02-17T23:27:30.273348 | INFO | Processing article 1/6: ...
2026-02-17T23:27:32.554596 | https://mpi.idxchannel.com/sindonews | Article content too short or empty
2026-02-17T23:27:32.554828 | INFO | Processing article 2/6: ...
2026-02-17T23:27:34.839636 | https://mpi.idxchannel.com/inews | Article content too short or empty
2026-02-17T23:27:34.839826 | INFO | Processing article 3/6: Tentukan Awal Ramadan, Kemenag Gelar Pemantauan Hi...
2026-02-17T23:27:37.093381 | INFO | Processed: Tentukan Awal Ramadan, Kemenag Gelar Pemantauan Hi... (Negative: False)
2026-02-17T23:27:37.093530 | INFO | Processing article 4/6: Libur Tahun Baru Imlek 2026, Lalu Lintas di Tol Ja...
2026-02-17T23:27:39.323445 | INFO | Processed: Libur Tahun Baru Imlek 2026, Lalu Lintas di Tol Ja... (Negative: False)
2026-02-17T23:27:39.323698 | INFO | Processing article 5/6: Analis Sebut Pasar Menunggu Realisasi Janji Reform...
2026-02-17T23:27:41.504209 | INFO | Processed: Analis Sebut Pasar Menunggu Realisasi Janji Reform... (Negative: False)
2026-02-17T23:27:41.504355 | INFO | Processing article 6/6: Bukalapak (BUKA) Simpan Sisa Dana IPO Rp4,3 Triliu...
2026-02-17T23:27:43.686521 | INFO | Processed: Bukalapak (BUKA) Simpan Sisa Dana IPO Rp4,3 Triliu... (Negative: False)
2026-02-17T23:27:43.687034 | INFO | Saved 4 articles to data/2026-02-17_idxchannel.json
2026-02-17T23:32:05.595983 | INFO | Starting IDX Channel news pipeline with translation
2026-02-17T23:32:05.596272 | INFO | Fetching IDX Channel listing pages
2026-02-17T23:32:10.537017 | INFO | Found 6 articles from listings
2026-02-17T23:32:10.537453 | INFO | Found 6 articles from today
2026-02-17T23:32:10.537910 | INFO | Processing article 1/6: ...
2026-02-17T23:32:13.260875 | https://mpi.idxchannel.com/sindonews | Article content too short or empty
2026-02-17T23:32:13.261079 | INFO | Processing article 2/6: ...
2026-02-17T23:32:15.701536 | https://mpi.idxchannel.com/inews | Article content too short or empty
2026-02-17T23:32:15.701871 | INFO | Processing article 3/6: Tentukan Awal Ramadan, Kemenag Gelar Pemantauan Hi...
2026-02-17T23:32:24.744391 | INFO | Translation warning for: https://www.idxchannel.com/news/tentukan-awal-ramadan-kemenag-gelar-pemantauan-hilal-dan-sidang-isbat-hari-ini
2026-02-17T23:32:24.749677 | INFO | Processed: Tentukan Awal Ramadan, Kemenag Gelar Pemantauan Hi... (Negative: False)
2026-02-17T23:32:24.750038 | INFO | Processing article 4/6: Libur Tahun Baru Imlek 2026, Lalu Lintas di Tol Ja...
2026-02-17T23:32:29.503690 | INFO | Processed: Libur Tahun Baru Imlek 2026, Lalu Lintas di Tol Ja... (Negative: False)
2026-02-17T23:32:29.503991 | INFO | Processing article 5/6: Wall Street Dibuka Beragam usai Libur Panjang Akhi...
2026-02-17T23:32:33.206533 | INFO | Processed: Wall Street Dibuka Beragam usai Libur Panjang Akhi... (Negative: False)
2026-02-17T23:32:33.207589 | INFO | Processing article 6/6: Bukalapak (BUKA) Simpan Sisa Dana IPO Rp4,3 Triliu...
2026-02-17T23:32:37.908237 | INFO | Processed: Bukalapak (BUKA) Simpan Sisa Dana IPO Rp4,3 Triliu... (Negative: True)
2026-02-17T23:32:37.909109 | INFO | Saved 4 articles to data/2026-02-17_idxchannel.json
2026-02-17T23:40:51.203120 | INFO | Starting IDX Channel news pipeline (last 7 days)
2026-02-17T23:40:51.207003 | INFO | Fetching IDX Channel listing pages
2026-02-17T23:40:55.789483 | INFO | Found 6 articles from listings
2026-02-17T23:40:55.789851 | INFO | Found 6 articles from last 7 days
2026-02-17T23:40:55.793111 | INFO | Processing article 1/6: ...
2026-02-17T23:40:58.134182 | https://mpi.idxchannel.com/sindonews | Article content too short or empty
2026-02-17T23:40:58.134363 | INFO | Processing article 2/6: ...
2026-02-17T23:41:00.589542 | https://mpi.idxchannel.com/inews | Article content too short or empty
2026-02-17T23:41:00.589742 | INFO | Processing article 3/6: Tentukan Awal Ramadan, Kemenag Gelar Pemantauan Hi...
2026-02-17T23:41:03.148910 | INFO | Processed: Tentukan Awal Ramadan, Kemenag Gelar Pemantauan Hi... (Negative: False)
2026-02-17T23:41:03.149052 | INFO | Processing article 4/6: Libur Tahun Baru Imlek 2026, Lalu Lintas di Tol Ja...
2026-02-17T23:41:05.478229 | INFO | Processed: Libur Tahun Baru Imlek 2026, Lalu Lintas di Tol Ja... (Negative: False)
2026-02-17T23:41:05.479590 | INFO | Processing article 5/6: Wall Street Dibuka Beragam usai Libur Panjang Akhi...
2026-02-17T23:41:07.866296 | INFO | Processed: Wall Street Dibuka Beragam usai Libur Panjang Akhi... (Negative: False)
2026-02-17T23:41:07.868640 | INFO | Processing article 6/6: Bukalapak (BUKA) Simpan Sisa Dana IPO Rp4,3 Triliu...
2026-02-17T23:41:10.445700 | INFO | Processed: Bukalapak (BUKA) Simpan Sisa Dana IPO Rp4,3 Triliu... (Negative: True)
2026-02-17T23:41:10.457925 | INFO | Saved 4 articles to data/2026-02-17_idxchannel.json
2026-02-17T23:42:40.295177 | INFO | Starting IDX Channel news pipeline (last 7 days)
2026-02-17T23:42:40.295377 | INFO | Fetching IDX Channel listing pages
2026-02-17T23:42:44.837705 | INFO | Found 6 articles from listings
2026-02-17T23:42:44.838092 | INFO | Found 6 articles from last 7 days
2026-02-17T23:42:44.838189 | INFO | Processing article 1/6: ...
2026-02-17T23:42:47.171550 | https://mpi.idxchannel.com/sindonews | Article content too short or empty
2026-02-17T23:42:47.171753 | INFO | Processing article 2/6: ...
2026-02-17T23:42:49.480432 | https://mpi.idxchannel.com/inews | Article content too short or empty
2026-02-17T23:42:49.482693 | INFO | Processing article 3/6: Tentukan Awal Ramadan, Kemenag Gelar Pemantauan Hi...
2026-02-17T23:42:51.977757 | INFO | Processed: Tentukan Awal Ramadan, Kemenag Gelar Pemantauan Hi... (Negative: False)
2026-02-17T23:42:51.978356 | INFO | Processing article 4/6: Libur Tahun Baru Imlek 2026, Lalu Lintas di Tol Ja...
2026-02-17T23:42:54.346476 | INFO | Processed: Libur Tahun Baru Imlek 2026, Lalu Lintas di Tol Ja... (Negative: False)
2026-02-17T23:42:54.350493 | INFO | Processing article 5/6: Wall Street Dibuka Beragam usai Libur Panjang Akhi...
2026-02-17T23:42:56.775438 | INFO | Processed: Wall Street Dibuka Beragam usai Libur Panjang Akhi... (Negative: False)
2026-02-17T23:42:56.775721 | INFO | Processing article 6/6: Bukalapak (BUKA) Simpan Sisa Dana IPO Rp4,3 Triliu...
2026-02-17T23:42:59.153456 | INFO | Processed: Bukalapak (BUKA) Simpan Sisa Dana IPO Rp4,3 Triliu... (Negative: True)
2026-02-17T23:42:59.155920 | INFO | Saved 4 articles to data/2026-02-17_idxchannel.json
2026-02-17T23:45:21.323662 | INFO | Starting IDX Channel news pipeline (last 3 days, from 2026-02-15 to 2026-02-17)
2026-02-17T23:45:21.325512 | INFO | Fetching IDX Channel listing pages
2026-02-17T23:45:25.845319 | INFO | Found 6 articles from listings
2026-02-17T23:45:25.845669 | INFO | Scraping article 1/6: ...
2026-02-17T23:45:28.162459 | INFO | Scraping article 2/6: ...
2026-02-17T23:45:30.553208 | INFO | Scraping article 3/6: Tentukan Awal Ramadan, Kemenag Gelar Pemantauan Hi...
2026-02-17T23:45:32.840637 | INFO | Scraping article 4/6: Libur Tahun Baru Imlek 2026, Lalu Lintas di Tol Ja...
2026-02-17T23:45:35.232908 | INFO | Scraping article 5/6: Wall Street Dibuka Beragam usai Libur Panjang Akhi...
2026-02-17T23:45:37.611552 | INFO | Scraping article 6/6: Bukalapak (BUKA) Simpan Sisa Dana IPO Rp4,3 Triliu...
2026-02-17T23:45:39.952729 | INFO | Found 6 articles from last 3 days
2026-02-17T23:45:39.953994 | https://mpi.idxchannel.com/sindonews | Article content too short or empty
2026-02-17T23:45:39.956491 | https://mpi.idxchannel.com/inews | Article content too short or empty
2026-02-17T23:45:40.094168 | INFO | Processed: Tentukan Awal Ramadan, Kemenag Gelar Pemantauan Hi... (Negative: False)
2026-02-17T23:45:40.221899 | INFO | Processed: Libur Tahun Baru Imlek 2026, Lalu Lintas di Tol Ja... (Negative: False)
2026-02-17T23:45:40.329394 | INFO | Processed: Wall Street Dibuka Beragam usai Libur Panjang Akhi... (Negative: False)
2026-02-17T23:45:40.463823 | INFO | Processed: Bukalapak (BUKA) Simpan Sisa Dana IPO Rp4,3 Triliu... (Negative: True)
2026-02-17T23:45:40.469639 | INFO | Saved 4 articles to data/2026-02-17_idxchannel.json
2026-02-17T23:50:54.556980 | INFO | Starting IDX Channel news pipeline (last 3 days, from 2026-02-15 to 2026-02-17)
2026-02-17T23:51:01.119837 | INFO | Found 0 articles from index pages
2026-02-17T23:51:01.119991 | INFO | No articles found in index pages
