2026-02-18 08:35:28,206 - INFO - Starting scrape with 2 days back (cutoff: 2026-02-16)
2026-02-18 08:35:28,206 - INFO - Fetching page 1...
2026-02-18 08:35:28,593 - INFO - Found 1 articles on page 1
2026-02-18 08:35:28,593 - INFO - Fetching page 2...
2026-02-18 08:35:28,779 - INFO - Found 14 articles on page 2
2026-02-18 08:35:28,779 - INFO - Fetching page 3...
2026-02-18 08:35:29,123 - INFO - Found 19 articles on page 3
2026-02-18 08:35:29,123 - INFO - Fetching page 4...
2026-02-18 08:35:29,476 - INFO - Found 63 articles on page 4
2026-02-18 08:35:29,476 - INFO - Fetching page 5...
2026-02-18 08:35:29,814 - INFO - Found 28 articles on page 5
2026-02-18 08:35:29,814 - INFO - Fetching page 6...
2026-02-18 08:35:30,264 - INFO - Found 28 articles on page 6
2026-02-18 08:35:30,264 - INFO - Fetching page 7...
2026-02-18 08:35:30,899 - INFO - Found 28 articles on page 7
2026-02-18 08:35:30,899 - INFO - Fetching page 8...
2026-02-18 08:35:31,339 - INFO - Found 28 articles on page 8
2026-02-18 08:35:31,340 - INFO - Fetching page 9...
2026-02-18 08:35:31,864 - INFO - Found 28 articles on page 9
2026-02-18 08:35:31,865 - INFO - Fetching page 10...
2026-02-18 08:35:32,459 - INFO - Found 28 articles on page 10
2026-02-18 08:35:32,459 - INFO - Fetching page 11...
2026-02-18 08:35:32,971 - INFO - Found 28 articles on page 11
2026-02-18 08:35:32,972 - INFO - Fetching page 12...
2026-02-18 08:35:33,544 - INFO - Found 30 articles on page 12
2026-02-18 08:35:33,545 - INFO - Fetching page 13...
2026-02-18 08:35:34,027 - INFO - Found 28 articles on page 13
2026-02-18 08:35:34,028 - INFO - Fetching page 14...
2026-02-18 08:35:34,409 - INFO - Found 28 articles on page 14
2026-02-18 08:35:34,410 - INFO - Fetching page 15...
2026-02-18 08:35:34,967 - INFO - Found 28 articles on page 15
2026-02-18 08:35:34,968 - INFO - Fetching page 16...
2026-02-18 08:35:35,592 - INFO - Found 28 articles on page 16
2026-02-18 08:35:35,593 - INFO - Fetching page 17...
2026-02-18 08:35:36,092 - INFO - Found 28 articles on page 17
2026-02-18 08:35:36,092 - INFO - Fetching page 18...
2026-02-18 08:35:36,639 - INFO - Found 28 articles on page 18
2026-02-18 08:35:36,639 - INFO - Fetching page 19...
2026-02-18 08:35:37,191 - INFO - Found 28 articles on page 19
2026-02-18 08:35:37,191 - INFO - Fetching page 20...
2026-02-18 08:35:37,784 - INFO - Found 28 articles on page 20
2026-02-18 08:35:37,785 - INFO - Fetching page 21...
2026-02-18 08:35:38,408 - INFO - Found 28 articles on page 21
2026-02-18 08:35:38,408 - INFO - Fetching page 22...
2026-02-18 08:35:38,951 - INFO - Found 28 articles on page 22
2026-02-18 08:35:38,952 - INFO - Fetching page 23...
2026-02-18 08:35:39,603 - INFO - Found 28 articles on page 23
2026-02-18 08:35:39,604 - INFO - Fetching page 24...
2026-02-18 08:35:40,158 - INFO - Found 28 articles on page 24
2026-02-18 08:35:40,158 - INFO - Fetching page 25...
2026-02-18 08:35:40,789 - INFO - Found 28 articles on page 25
2026-02-18 08:35:40,789 - INFO - Fetching page 26...
2026-02-18 08:35:41,380 - INFO - Found 28 articles on page 26
2026-02-18 08:35:41,380 - INFO - Fetching page 27...
2026-02-18 08:35:42,070 - INFO - Found 28 articles on page 27
2026-02-18 08:35:42,071 - INFO - Fetching page 28...
2026-02-18 08:35:42,797 - INFO - Found 28 articles on page 28
2026-02-18 08:35:42,797 - INFO - Fetching page 29...
2026-02-18 08:35:43,523 - INFO - Found 28 articles on page 29
2026-02-18 08:35:43,523 - INFO - Fetching page 30...
2026-02-18 08:35:44,223 - INFO - Found 28 articles on page 30
2026-02-18 08:35:44,224 - INFO - Fetching page 31...
2026-02-18 08:35:44,848 - INFO - Found 28 articles on page 31
2026-02-18 08:35:44,850 - INFO - Fetching page 32...
2026-02-18 08:35:45,683 - INFO - Found 28 articles on page 32
2026-02-18 08:35:45,684 - INFO - Fetching page 33...
2026-02-18 08:35:46,624 - INFO - Found 28 articles on page 33
2026-02-18 08:35:46,624 - INFO - Fetching page 34...
2026-02-18 08:35:47,506 - INFO - Found 28 articles on page 34
2026-02-18 08:35:47,506 - INFO - Fetching page 35...
2026-02-18 08:35:48,530 - INFO - Found 30 articles on page 35
2026-02-18 08:35:48,530 - INFO - Fetching page 36...
2026-02-18 08:35:49,718 - INFO - Found 28 articles on page 36
2026-02-18 08:35:49,718 - INFO - Fetching page 37...
2026-02-18 08:35:50,642 - INFO - Found 28 articles on page 37
2026-02-18 08:35:50,642 - INFO - Fetching page 38...
2026-02-18 08:35:51,465 - INFO - Found 28 articles on page 38
2026-02-18 08:35:51,465 - INFO - Fetching page 39...
2026-02-18 08:35:52,195 - INFO - Found 28 articles on page 39
2026-02-18 08:35:52,195 - INFO - Fetching page 40...
2026-02-18 08:35:53,089 - INFO - Found 28 articles on page 40
2026-02-18 08:35:53,089 - INFO - Fetching page 41...
2026-02-18 08:35:53,986 - INFO - Found 28 articles on page 41
2026-02-18 08:35:53,986 - INFO - Fetching page 42...
2026-02-18 08:35:54,777 - INFO - Found 28 articles on page 42
2026-02-18 08:35:54,778 - INFO - Fetching page 43...
2026-02-18 08:35:55,796 - INFO - Found 28 articles on page 43
2026-02-18 08:35:55,796 - INFO - Fetching page 44...
2026-02-18 08:35:56,668 - INFO - Found 28 articles on page 44
2026-02-18 08:35:56,668 - INFO - Fetching page 45...
2026-02-18 08:35:57,592 - INFO - Found 28 articles on page 45
2026-02-18 08:35:57,592 - INFO - Fetching page 46...
2026-02-18 08:35:58,365 - INFO - Found 28 articles on page 46
2026-02-18 08:35:58,365 - INFO - Fetching page 47...
2026-02-18 08:35:59,356 - INFO - Found 28 articles on page 47
2026-02-18 08:35:59,356 - INFO - Fetching page 48...
2026-02-18 08:36:00,392 - INFO - Found 28 articles on page 48
2026-02-18 08:36:00,392 - INFO - Fetching page 49...
2026-02-18 08:36:01,524 - INFO - Found 28 articles on page 49
2026-02-18 08:36:01,524 - INFO - Fetching page 50...
2026-02-18 08:36:02,310 - INFO - Found 28 articles on page 50
2026-02-18 08:36:02,310 - INFO - Fetching page 51...
2026-02-18 08:36:02,660 - INFO - Found 41 articles on page 51
2026-02-18 08:36:02,661 - INFO - Fetching page 52...
2026-02-18 08:36:03,048 - INFO - Found 38 articles on page 52
2026-02-18 08:36:03,048 - INFO - Fetching page 53...
2026-02-18 08:36:03,423 - INFO - Found 0 articles on page 53
2026-02-18 08:36:03,423 - INFO - No articles found on page 53, stopping
2026-02-18 08:36:03,439 - INFO - Saved 1414 articles to news_data.json
2026-02-18 08:36:03,439 - INFO - Added 1414 new articles
2026-02-18 08:36:55,166 - INFO - Starting scrape with 2 days back (cutoff: 2026-02-16)
2026-02-18 08:36:55,167 - INFO - Fetching page 1...
2026-02-18 08:36:55,564 - INFO - Found 28 articles on page 1
2026-02-18 08:36:55,565 - INFO - Fetching page 2...
2026-02-18 08:36:55,663 - INFO - Found 28 articles on page 2
2026-02-18 08:36:55,664 - INFO - All articles on page 2 are older than cutoff, stopping pagination
2026-02-18 08:36:55,665 - INFO - Saved 56 articles to news_data.json
2026-02-18 08:36:55,665 - INFO - Added 56 new articles
2026-02-18 08:37:04,067 - INFO - Starting scrape with 2 days back (cutoff: 2026-02-16)
2026-02-18 08:37:04,069 - INFO - Fetching page 1...
2026-02-18 08:37:04,244 - INFO - Found 0 articles on page 1
2026-02-18 08:37:04,244 - INFO - No articles found on page 1, stopping
2026-02-18 08:37:04,244 - INFO - No new articles found
2026-02-18 08:37:07,796 - INFO - Starting scrape with 7 days back (cutoff: 2026-02-11)
2026-02-18 08:37:07,796 - INFO - Fetching page 1...
2026-02-18 08:37:07,939 - INFO - Found 0 articles on page 1
2026-02-18 08:37:07,939 - INFO - No articles found on page 1, stopping
2026-02-18 08:37:07,939 - INFO - No new articles found
2026-02-18 08:37:20,144 - INFO - Starting scrape with 3 days back (cutoff: 2026-02-15)
2026-02-18 08:37:20,144 - INFO - Fetching page 1...
2026-02-18 08:37:20,279 - INFO - Found 28 articles on page 1
2026-02-18 08:37:20,279 - INFO - Fetching page 2...
2026-02-18 08:37:20,361 - INFO - Found 28 articles on page 2
2026-02-18 08:37:20,362 - INFO - All articles on page 2 are older than cutoff, stopping pagination
2026-02-18 08:37:20,363 - INFO - Saved 56 articles to news_data.json
2026-02-18 08:37:20,363 - INFO - Added 56 new articles
2026-02-18 08:37:24,330 - INFO - Starting scrape with 5 days back (cutoff: 2026-02-13)
2026-02-18 08:37:24,332 - INFO - Fetching page 1...
2026-02-18 08:37:24,486 - INFO - Found 0 articles on page 1
2026-02-18 08:37:24,486 - INFO - No articles found on page 1, stopping
2026-02-18 08:37:24,486 - INFO - No new articles found
2026-02-18 08:39:09,123 - INFO - Starting scrape with 2 days back (cutoff: 2026-02-16)
2026-02-18 08:39:09,124 - INFO - Fetching page 1...
2026-02-18 08:39:09,307 - INFO - Found 28 total articles (0 new) on page 1
2026-02-18 08:39:09,308 - INFO - Fetching page 2...
2026-02-18 08:39:09,412 - INFO - Found 28 total articles (0 new) on page 2
2026-02-18 08:39:09,413 - INFO - All articles on page 2 are older than cutoff, stopping pagination
2026-02-18 08:39:09,414 - INFO - No new articles found
2026-02-18 08:39:15,470 - INFO - Starting scrape with 2 days back (cutoff: 2026-02-16)
2026-02-18 08:39:15,470 - INFO - Fetching page 1...
2026-02-18 08:39:15,616 - INFO - Found 28 total articles (28 new) on page 1
2026-02-18 08:39:15,616 - INFO - Fetching page 2...
2026-02-18 08:39:15,724 - INFO - Found 28 total articles (28 new) on page 2
2026-02-18 08:39:15,726 - INFO - All articles on page 2 are older than cutoff, stopping pagination
2026-02-18 08:39:15,729 - INFO - Saved 56 articles to news_data.json
2026-02-18 08:39:15,729 - INFO - Added 56 new articles
2026-02-18 08:39:19,751 - INFO - Starting scrape with 7 days back (cutoff: 2026-02-11)
2026-02-18 08:39:19,752 - INFO - Fetching page 1...
2026-02-18 08:39:19,875 - INFO - Found 28 total articles (0 new) on page 1
2026-02-18 08:39:19,875 - INFO - Fetching page 2...
2026-02-18 08:39:20,093 - INFO - Found 28 total articles (0 new) on page 2
2026-02-18 08:39:20,094 - INFO - All articles on page 2 are older than cutoff, stopping pagination
2026-02-18 08:39:20,094 - INFO - No new articles found
2026-02-18 08:39:28,623 - INFO - Starting scrape with 30 days back (cutoff: 2026-01-19)
2026-02-18 08:39:28,624 - INFO - Fetching page 1...
2026-02-18 08:39:28,792 - INFO - Found 28 total articles (0 new) on page 1
2026-02-18 08:39:28,792 - INFO - Fetching page 2...
2026-02-18 08:39:28,876 - INFO - Found 28 total articles (0 new) on page 2
2026-02-18 08:39:28,877 - INFO - Fetching page 3...
2026-02-18 08:39:28,973 - INFO - Found 28 total articles (28 new) on page 3
2026-02-18 08:39:28,973 - INFO - Fetching page 4...
2026-02-18 08:39:29,083 - INFO - Found 28 total articles (28 new) on page 4
2026-02-18 08:39:29,083 - INFO - Fetching page 5...
2026-02-18 08:39:29,188 - INFO - Found 28 total articles (28 new) on page 5
2026-02-18 08:39:29,188 - INFO - Fetching page 6...
2026-02-18 08:39:29,267 - INFO - Found 28 total articles (28 new) on page 6
2026-02-18 08:39:29,267 - INFO - Fetching page 7...
2026-02-18 08:39:29,350 - INFO - Found 28 total articles (28 new) on page 7
2026-02-18 08:39:29,350 - INFO - All articles on page 7 are older than cutoff, stopping pagination
2026-02-18 08:39:29,356 - INFO - Saved 196 articles to news_data.json
2026-02-18 08:39:29,356 - INFO - Added 140 new articles
2026-02-18 08:53:19,738 - INFO - Starting scrape with 2 days back (cutoff: 2026-02-16)
2026-02-18 08:53:19,738 - INFO - Fetching page 1...
2026-02-18 08:53:19,966 - INFO - Found 28 total articles (28 new) on page 1
2026-02-18 08:53:19,966 - INFO - Fetching page 2...
2026-02-18 08:53:20,063 - INFO - Found 28 total articles (28 new) on page 2
2026-02-18 08:53:20,063 - INFO - All articles on page 2 are older than cutoff, stopping pagination
2026-02-18 08:53:20,064 - INFO - Saved 56 articles to news_data.json
2026-02-18 08:53:20,064 - INFO - Added 56 new articles
2026-02-18 08:53:24,157 - INFO - Starting scrape with 1 days back (cutoff: 2026-02-17)
2026-02-18 08:53:24,157 - INFO - Fetching page 1...
2026-02-18 08:53:24,317 - INFO - Found 28 total articles (28 new) on page 1
2026-02-18 08:53:24,317 - INFO - Fetching page 2...
2026-02-18 08:53:24,412 - INFO - Found 28 total articles (28 new) on page 2
2026-02-18 08:53:24,413 - INFO - All articles on page 2 are older than cutoff, stopping pagination
2026-02-18 08:53:24,413 - INFO - Fetching content for 56 new articles...
2026-02-18 08:53:24,413 - INFO - Fetching content [1/56]: Bumi Resources Minerals says Palu operations unaffected by s...
2026-02-18 08:53:24,569 - INFO - Fetching content [2/56]: New state miner Perminas signs MoU on Gabon rare earth proje...
2026-02-18 08:53:24,713 - INFO - Fetching content [3/56]: As Global Attention Turns to the US: What Are Its Businesses...
2026-02-18 08:53:24,817 - INFO - Fetching content [4/56]: Coal must go for climate funds to flow, German ambassador sa...
2026-02-18 08:53:24,952 - INFO - Fetching content [5/56]: Trump says Japan to invest in energy, industrial projects in...
2026-02-18 08:53:25,059 - INFO - Fetching content [6/56]: Govt urged not to compromise too much for US trade deal...
2026-02-18 08:53:25,176 - INFO - Fetching content [7/56]: Unlocking regional potential to boost economic growth...
2026-02-18 08:53:25,314 - INFO - Fetching content [8/56]: Job threats, rogue bots: five hot issues in AI...
2026-02-18 08:53:25,417 - INFO - Fetching content [9/56]: Dollar holds gains in thin trading as markets await Fed minu...
2026-02-18 08:53:25,544 - INFO - Fetching content [10/56]: Idle oil and gas projects risk losing licenses, Bahlil warns...
2026-02-18 08:53:25,670 - INFO - Fetching content [11/56]: Site selection for first nuclear plant expected by mid-2026,...
2026-02-18 08:53:25,820 - INFO - Fetching content [12/56]: Asian markets sluggish as Lunar New Year holiday looms...
2026-02-18 08:53:25,926 - INFO - Fetching content [13/56]: Japan's economy limps back to scant growth in Q4, raises tes...
2026-02-18 08:53:26,025 - INFO - Fetching content [14/56]: Businesses seek AI regulatory clarity as caution hampers inv...
2026-02-18 08:53:26,190 - INFO - Fetching content [15/56]: Vietnam licenses Musk's satellite internet firm Starlink...
2026-02-18 08:53:26,615 - INFO - Fetching content [16/56]: China’s ByteDance releases Doubao 2.0 AI model for 'agent er...
2026-02-18 08:53:26,943 - INFO - Fetching content [17/56]: EU proposes extending Russian oil sanctions to maritime serv...
2026-02-18 08:53:27,096 - INFO - Fetching content [18/56]: Lunar New Year drives corporate decor boom, but retail deman...
2026-02-18 08:53:27,217 - INFO - Fetching content [19/56]: 'Be realistic' says Prabowo, while defending key programs...
2026-02-18 08:53:27,336 - INFO - Fetching content [20/56]: Tiffany & Co stores sealed over alleged illegal imports...
2026-02-18 08:53:27,496 - INFO - Fetching content [21/56]: High-rise housing still a hard sell in Jakarta, says JLL...
2026-02-18 08:53:27,621 - INFO - Fetching content [22/56]: EU leaders vow to accelerate single market, in struggle to c...
2026-02-18 08:53:27,726 - INFO - Fetching content [23/56]: Asian shares step back from record as tech jitters return, b...
2026-02-18 08:53:27,831 - INFO - Fetching content [24/56]: Danantara’s poultry push raises concerns over market distort...
2026-02-18 08:53:27,957 - INFO - Fetching content [25/56]: Pertamina to spin off airlines, hospitals, non-oil units thi...
2026-02-18 08:53:28,084 - INFO - Fetching content [26/56]: Prabowo ordered purge of IDX, OJK leadership, brother says...
2026-02-18 08:53:28,238 - INFO - Fetching content [27/56]: Gold edges lower on firmer dollar after strong US jobs data...
2026-02-18 08:53:28,345 - INFO - Fetching content [28/56]: Danantara’s IDX ownership plan gets guarded welcome...
2026-02-18 08:53:28,463 - INFO - Fetching content [29/56]: Indonesia ready to bridge trade, investment in Islamic world...
2026-02-18 08:53:28,613 - INFO - Fetching content [30/56]: Indosat Ooredoo Hutchison shows healthy fundamentals in 2025...
2026-02-18 08:53:28,714 - INFO - Fetching content [31/56]: PLN EPI breaks ground on Rp1 trillion gas pipeline...
2026-02-18 08:53:28,838 - INFO - Fetching content [32/56]: SWA RoboKnights to represent Indonesia at VEX Robotics World...
2026-02-18 08:53:28,939 - INFO - Fetching content [33/56]: Buoyant stocks pause for breath on signs of softening US con...
2026-02-18 08:53:29,095 - INFO - Fetching content [34/56]: Pertamina denies Russian crude imports as EU mulls sanctions...
2026-02-18 08:53:29,221 - INFO - Fetching content [35/56]: Retail sales post strong annual gain as consumer confidence ...
2026-02-18 08:53:29,777 - INFO - Fetching content [36/56]: Finance Ministry’s SMI secures $9.3m grants to expand green ...
2026-02-18 08:53:29,897 - INFO - Fetching content [37/56]: Indonesia’s growth: Resilient but uneven...
2026-02-18 08:53:30,181 - INFO - Fetching content [38/56]: Fiscal discipline remains intact, govt insists, after Moody’...
2026-02-18 08:53:30,556 - INFO - Fetching content [39/56]: Jury told that Meta, Google 'engineered addiction' at landma...
2026-02-18 08:53:30,656 - INFO - Fetching content [40/56]: Bulog proposes Mecca warehouse to stock haj rice exports...
2026-02-18 08:53:31,143 - INFO - Fetching content [41/56]: EU proposes sanctions on Indonesian ports for handling Russi...
2026-02-18 08:53:31,239 - INFO - Fetching content [42/56]: FTSE Russell postpones Indonesia index review...
2026-02-18 08:53:31,344 - INFO - Fetching content [43/56]: Poverty at record low as govt seeks to redefine threshold...
2026-02-18 08:53:31,463 - INFO - Fetching content [44/56]: Indonesia proposes 3 measures to meet MSCI's transparency de...
2026-02-18 08:53:31,590 - INFO - Fetching content [45/56]: Thomas Djiwandono sworn in as BI deputy governor...
2026-02-18 08:53:32,056 - INFO - Fetching content [46/56]: Danantara breaks ground on $7b downstream industry projects...
2026-02-18 08:53:32,399 - INFO - Fetching content [47/56]: Japan's Takaichi may struggle to soothe voters and markets...
2026-02-18 08:53:32,788 - INFO - Fetching content [48/56]: Asian markets rally as Japan shares surge to record peak...
2026-02-18 08:53:32,885 - INFO - Fetching content [49/56]: Crackdown on mining permits faces legal scrutiny...
2026-02-18 08:53:33,223 - INFO - Fetching content [50/56]: Danantara steps in as primary funder for new Krakatau Steel ...
2026-02-18 08:53:33,607 - INFO - Fetching content [51/56]: EU tells TikTok to change 'addictive' design...
2026-02-18 08:53:33,996 - INFO - Fetching content [52/56]: Crypto firm accidentally sends $40 billion in bitcoin to use...
2026-02-18 08:53:34,101 - INFO - Fetching content [53/56]: Unemployment figure subsides despite growing layoffs...
2026-02-18 08:53:34,298 - INFO - Fetching content [54/56]: Economic fundamentals solid, govt insists, after Moody’s low...
2026-02-18 08:53:34,751 - INFO - Fetching content [55/56]: Ex-BI deputy replaces Tommy as deputy finance minister...
2026-02-18 08:53:34,929 - INFO - Fetching content [56/56]: Indonesian markets slide again after Moody's cuts outlook...
2026-02-18 08:53:35,216 - INFO - Saved 56 articles to news_data.json
2026-02-18 08:53:35,217 - INFO - Added 56 new articles
2026-02-18 08:55:09,516 - INFO - Starting scrape with 1 days back (cutoff: 2026-02-17)
2026-02-18 08:55:09,516 - INFO - Fetching page 1...
2026-02-18 08:55:09,694 - INFO - Found 28 total articles (28 new) on page 1
2026-02-18 08:55:09,694 - INFO - Fetching page 2...
2026-02-18 08:55:09,785 - INFO - Found 28 total articles (28 new) on page 2
2026-02-18 08:55:09,785 - INFO - All articles on page 2 are older than cutoff, stopping pagination
2026-02-18 08:55:09,785 - INFO - Fetching content for 56 new articles...
2026-02-18 08:55:09,786 - INFO - Fetching content [1/56]: Bumi Resources Minerals says Palu operations unaffected by s...
2026-02-18 08:55:09,862 - INFO - Fetching content [2/56]: New state miner Perminas signs MoU on Gabon rare earth proje...
2026-02-18 08:55:09,953 - INFO - Fetching content [3/56]: As Global Attention Turns to the US: What Are Its Businesses...
2026-02-18 08:55:10,021 - INFO - Fetching content [4/56]: Coal must go for climate funds to flow, German ambassador sa...
2026-02-18 08:55:10,094 - INFO - Fetching content [5/56]: Trump says Japan to invest in energy, industrial projects in...
2026-02-18 08:55:10,162 - INFO - Fetching content [6/56]: Govt urged not to compromise too much for US trade deal...
2026-02-18 08:55:10,273 - INFO - Fetching content [7/56]: Unlocking regional potential to boost economic growth...
2026-02-18 08:55:10,366 - INFO - Fetching content [8/56]: Job threats, rogue bots: five hot issues in AI...
2026-02-18 08:55:10,449 - INFO - Fetching content [9/56]: Dollar holds gains in thin trading as markets await Fed minu...
2026-02-18 08:55:10,562 - INFO - Fetching content [10/56]: Idle oil and gas projects risk losing licenses, Bahlil warns...
2026-02-18 08:55:10,666 - INFO - Fetching content [11/56]: Site selection for first nuclear plant expected by mid-2026,...
2026-02-18 08:55:10,791 - INFO - Fetching content [12/56]: Asian markets sluggish as Lunar New Year holiday looms...
2026-02-18 08:55:10,886 - INFO - Fetching content [13/56]: Japan's economy limps back to scant growth in Q4, raises tes...
2026-02-18 08:55:10,956 - INFO - Fetching content [14/56]: Businesses seek AI regulatory clarity as caution hampers inv...
2026-02-18 08:55:11,037 - INFO - Fetching content [15/56]: Vietnam licenses Musk's satellite internet firm Starlink...
2026-02-18 08:55:11,099 - INFO - Fetching content [16/56]: China’s ByteDance releases Doubao 2.0 AI model for 'agent er...
2026-02-18 08:55:11,170 - INFO - Fetching content [17/56]: EU proposes extending Russian oil sanctions to maritime serv...
2026-02-18 08:55:11,232 - INFO - Fetching content [18/56]: Lunar New Year drives corporate decor boom, but retail deman...
2026-02-18 08:55:11,314 - INFO - Fetching content [19/56]: 'Be realistic' says Prabowo, while defending key programs...
2026-02-18 08:55:11,401 - INFO - Fetching content [20/56]: Tiffany & Co stores sealed over alleged illegal imports...
2026-02-18 08:55:11,519 - INFO - Fetching content [21/56]: High-rise housing still a hard sell in Jakarta, says JLL...
2026-02-18 08:55:11,595 - INFO - Fetching content [22/56]: EU leaders vow to accelerate single market, in struggle to c...
2026-02-18 08:55:11,659 - INFO - Fetching content [23/56]: Asian shares step back from record as tech jitters return, b...
2026-02-18 08:55:11,721 - INFO - Fetching content [24/56]: Danantara’s poultry push raises concerns over market distort...
2026-02-18 08:55:11,803 - INFO - Fetching content [25/56]: Pertamina to spin off airlines, hospitals, non-oil units thi...
2026-02-18 08:55:11,883 - INFO - Fetching content [26/56]: Prabowo ordered purge of IDX, OJK leadership, brother says...
2026-02-18 08:55:11,959 - INFO - Fetching content [27/56]: Gold edges lower on firmer dollar after strong US jobs data...
2026-02-18 08:55:12,030 - INFO - Fetching content [28/56]: Danantara’s IDX ownership plan gets guarded welcome...
2026-02-18 08:55:12,114 - INFO - Fetching content [29/56]: Indonesia ready to bridge trade, investment in Islamic world...
2026-02-18 08:55:12,219 - INFO - Fetching content [30/56]: Indosat Ooredoo Hutchison shows healthy fundamentals in 2025...
2026-02-18 08:55:12,290 - INFO - Fetching content [31/56]: PLN EPI breaks ground on Rp1 trillion gas pipeline...
2026-02-18 08:55:12,367 - INFO - Fetching content [32/56]: SWA RoboKnights to represent Indonesia at VEX Robotics World...
2026-02-18 08:55:12,436 - INFO - Fetching content [33/56]: Buoyant stocks pause for breath on signs of softening US con...
2026-02-18 08:55:12,505 - INFO - Fetching content [34/56]: Pertamina denies Russian crude imports as EU mulls sanctions...
2026-02-18 08:55:12,581 - INFO - Fetching content [35/56]: Retail sales post strong annual gain as consumer confidence ...
2026-02-18 08:55:12,656 - INFO - Fetching content [36/56]: Finance Ministry’s SMI secures $9.3m grants to expand green ...
2026-02-18 08:55:12,732 - INFO - Fetching content [37/56]: Indonesia’s growth: Resilient but uneven...
2026-02-18 08:55:12,796 - INFO - Fetching content [38/56]: Fiscal discipline remains intact, govt insists, after Moody’...
2026-02-18 08:55:12,997 - INFO - Fetching content [39/56]: Jury told that Meta, Google 'engineered addiction' at landma...
2026-02-18 08:55:13,060 - INFO - Fetching content [40/56]: Bulog proposes Mecca warehouse to stock haj rice exports...
2026-02-18 08:55:13,141 - INFO - Fetching content [41/56]: EU proposes sanctions on Indonesian ports for handling Russi...
2026-02-18 08:55:13,242 - INFO - Fetching content [42/56]: FTSE Russell postpones Indonesia index review...
2026-02-18 08:55:13,330 - INFO - Fetching content [43/56]: Poverty at record low as govt seeks to redefine threshold...
2026-02-18 08:55:13,415 - INFO - Fetching content [44/56]: Indonesia proposes 3 measures to meet MSCI's transparency de...
2026-02-18 08:55:13,510 - INFO - Fetching content [45/56]: Thomas Djiwandono sworn in as BI deputy governor...
2026-02-18 08:55:13,588 - INFO - Fetching content [46/56]: Danantara breaks ground on $7b downstream industry projects...
2026-02-18 08:55:13,668 - INFO - Fetching content [47/56]: Japan's Takaichi may struggle to soothe voters and markets...
2026-02-18 08:55:13,775 - INFO - Fetching content [48/56]: Asian markets rally as Japan shares surge to record peak...
2026-02-18 08:55:13,842 - INFO - Fetching content [49/56]: Crackdown on mining permits faces legal scrutiny...
2026-02-18 08:55:13,918 - INFO - Fetching content [50/56]: Danantara steps in as primary funder for new Krakatau Steel ...
2026-02-18 08:55:13,994 - INFO - Fetching content [51/56]: EU tells TikTok to change 'addictive' design...
2026-02-18 08:55:14,058 - INFO - Fetching content [52/56]: Crypto firm accidentally sends $40 billion in bitcoin to use...
2026-02-18 08:55:14,121 - INFO - Fetching content [53/56]: Unemployment figure subsides despite growing layoffs...
2026-02-18 08:55:14,200 - INFO - Fetching content [54/56]: Economic fundamentals solid, govt insists, after Moody’s low...
2026-02-18 08:55:14,275 - INFO - Fetching content [55/56]: Ex-BI deputy replaces Tommy as deputy finance minister...
2026-02-18 08:55:14,390 - INFO - Fetching content [56/56]: Indonesian markets slide again after Moody's cuts outlook...
2026-02-18 08:55:14,483 - INFO - Saved 56 articles to news_data.json
2026-02-18 08:55:14,483 - INFO - Added 56 new articles
2026-02-18 08:55:55,118 - INFO - Starting scrape with 1 days back (cutoff: 2026-02-17)
2026-02-18 08:55:55,118 - INFO - Fetching page 1...
2026-02-18 08:55:55,261 - INFO - Found 28 total articles (28 new) on page 1
2026-02-18 08:55:55,262 - INFO - Fetching page 2...
2026-02-18 08:55:55,378 - INFO - Found 28 total articles (28 new) on page 2
2026-02-18 08:55:55,379 - INFO - All articles on page 2 are older than cutoff, stopping pagination
2026-02-18 08:55:55,381 - INFO - Saved 56 articles to news_data.json
2026-02-18 08:55:55,381 - INFO - Added 56 new articles
2026-02-18 08:57:36,744 - INFO - Starting scrape with 2 days back (cutoff: 2026-02-16)
2026-02-18 08:57:36,745 - INFO - Fetching page 1...
2026-02-18 08:57:37,116 - INFO - Found 28 total articles (28 new) on page 1
2026-02-18 08:57:37,117 - INFO - Fetching page 2...
2026-02-18 08:57:37,357 - INFO - Found 28 total articles (28 new) on page 2
2026-02-18 08:57:37,357 - INFO - All articles on page 2 are older than cutoff, stopping pagination
2026-02-18 08:57:37,358 - INFO - Fetching content for 56 new articles...
2026-02-18 08:57:37,358 - INFO - Fetching content [1/56]: Bumi Resources Minerals says Palu operations unaffected by s...
2026-02-18 08:57:37,607 - INFO - Fetching content [2/56]: New state miner Perminas signs MoU on Gabon rare earth proje...
2026-02-18 08:57:37,855 - INFO - Fetching content [3/56]: As Global Attention Turns to the US: What Are Its Businesses...
2026-02-18 08:57:38,000 - INFO - Fetching content [4/56]: Coal must go for climate funds to flow, German ambassador sa...
2026-02-18 08:57:38,247 - INFO - Fetching content [5/56]: Trump says Japan to invest in energy, industrial projects in...
2026-02-18 08:57:38,383 - INFO - Fetching content [6/56]: Govt urged not to compromise too much for US trade deal...
2026-02-18 08:57:38,561 - INFO - Fetching content [7/56]: Unlocking regional potential to boost economic growth...
2026-02-18 08:57:38,678 - INFO - Fetching content [8/56]: Job threats, rogue bots: five hot issues in AI...
2026-02-18 08:57:38,769 - INFO - Fetching content [9/56]: Dollar holds gains in thin trading as markets await Fed minu...
2026-02-18 08:57:38,926 - INFO - Fetching content [10/56]: Idle oil and gas projects risk losing licenses, Bahlil warns...
2026-02-18 08:57:39,069 - INFO - Fetching content [11/56]: Site selection for first nuclear plant expected by mid-2026,...
2026-02-18 08:57:39,252 - INFO - Fetching content [12/56]: Asian markets sluggish as Lunar New Year holiday looms...
2026-02-18 08:57:39,357 - INFO - Fetching content [13/56]: Japan's economy limps back to scant growth in Q4, raises tes...
2026-02-18 08:57:39,500 - INFO - Fetching content [14/56]: Businesses seek AI regulatory clarity as caution hampers inv...
2026-02-18 08:57:39,640 - INFO - Fetching content [15/56]: Vietnam licenses Musk's satellite internet firm Starlink...
2026-02-18 08:57:39,787 - INFO - Fetching content [16/56]: China’s ByteDance releases Doubao 2.0 AI model for 'agent er...
2026-02-18 08:57:39,891 - INFO - Fetching content [17/56]: EU proposes extending Russian oil sanctions to maritime serv...
2026-02-18 08:57:39,958 - INFO - Fetching content [18/56]: Lunar New Year drives corporate decor boom, but retail deman...
2026-02-18 08:57:40,021 - INFO - Fetching content [19/56]: 'Be realistic' says Prabowo, while defending key programs...
2026-02-18 08:57:40,082 - INFO - Fetching content [20/56]: Tiffany & Co stores sealed over alleged illegal imports...
2026-02-18 08:57:40,181 - INFO - Fetching content [21/56]: High-rise housing still a hard sell in Jakarta, says JLL...
2026-02-18 08:57:40,281 - INFO - Fetching content [22/56]: EU leaders vow to accelerate single market, in struggle to c...
2026-02-18 08:57:40,341 - INFO - Fetching content [23/56]: Asian shares step back from record as tech jitters return, b...
2026-02-18 08:57:40,428 - INFO - Fetching content [24/56]: Danantara’s poultry push raises concerns over market distort...
2026-02-18 08:57:40,488 - INFO - Fetching content [25/56]: Pertamina to spin off airlines, hospitals, non-oil units thi...
2026-02-18 08:57:40,601 - INFO - Fetching content [26/56]: Prabowo ordered purge of IDX, OJK leadership, brother says...
2026-02-18 08:57:40,690 - INFO - Fetching content [27/56]: Gold edges lower on firmer dollar after strong US jobs data...
2026-02-18 08:57:40,742 - INFO - Fetching content [28/56]: Danantara’s IDX ownership plan gets guarded welcome...
2026-02-18 08:57:40,812 - INFO - Fetching content [29/56]: Indonesia ready to bridge trade, investment in Islamic world...
2026-02-18 08:57:40,917 - INFO - Fetching content [30/56]: Indosat Ooredoo Hutchison shows healthy fundamentals in 2025...
2026-02-18 08:57:40,974 - INFO - Fetching content [31/56]: PLN EPI breaks ground on Rp1 trillion gas pipeline...
2026-02-18 08:57:41,050 - INFO - Fetching content [32/56]: SWA RoboKnights to represent Indonesia at VEX Robotics World...
2026-02-18 08:57:41,116 - INFO - Fetching content [33/56]: Buoyant stocks pause for breath on signs of softening US con...
2026-02-18 08:57:41,217 - INFO - Fetching content [34/56]: Pertamina denies Russian crude imports as EU mulls sanctions...
2026-02-18 08:57:41,302 - INFO - Fetching content [35/56]: Retail sales post strong annual gain as consumer confidence ...
2026-02-18 08:57:41,370 - INFO - Fetching content [36/56]: Finance Ministry’s SMI secures $9.3m grants to expand green ...
2026-02-18 08:57:41,448 - INFO - Fetching content [37/56]: Indonesia’s growth: Resilient but uneven...
2026-02-18 08:57:41,508 - INFO - Fetching content [38/56]: Fiscal discipline remains intact, govt insists, after Moody’...
2026-02-18 08:57:41,618 - INFO - Fetching content [39/56]: Jury told that Meta, Google 'engineered addiction' at landma...
2026-02-18 08:57:41,698 - INFO - Fetching content [40/56]: Bulog proposes Mecca warehouse to stock haj rice exports...
2026-02-18 08:57:41,766 - INFO - Fetching content [41/56]: EU proposes sanctions on Indonesian ports for handling Russi...
2026-02-18 08:57:41,909 - INFO - Fetching content [42/56]: FTSE Russell postpones Indonesia index review...
2026-02-18 08:57:41,984 - INFO - Fetching content [43/56]: Poverty at record low as govt seeks to redefine threshold...
2026-02-18 08:57:42,101 - INFO - Fetching content [44/56]: Indonesia proposes 3 measures to meet MSCI's transparency de...
2026-02-18 08:57:42,161 - INFO - Fetching content [45/56]: Thomas Djiwandono sworn in as BI deputy governor...
2026-02-18 08:57:42,244 - INFO - Fetching content [46/56]: Danantara breaks ground on $7b downstream industry projects...
2026-02-18 08:57:42,348 - INFO - Fetching content [47/56]: Japan's Takaichi may struggle to soothe voters and markets...
2026-02-18 08:57:42,449 - INFO - Fetching content [48/56]: Asian markets rally as Japan shares surge to record peak...
2026-02-18 08:57:42,512 - INFO - Fetching content [49/56]: Crackdown on mining permits faces legal scrutiny...
2026-02-18 08:57:42,593 - INFO - Fetching content [50/56]: Danantara steps in as primary funder for new Krakatau Steel ...
2026-02-18 08:57:42,663 - INFO - Fetching content [51/56]: EU tells TikTok to change 'addictive' design...
2026-02-18 08:57:42,717 - INFO - Fetching content [52/56]: Crypto firm accidentally sends $40 billion in bitcoin to use...
2026-02-18 08:57:42,770 - INFO - Fetching content [53/56]: Unemployment figure subsides despite growing layoffs...
2026-02-18 08:57:42,923 - INFO - Fetching content [54/56]: Economic fundamentals solid, govt insists, after Moody’s low...
2026-02-18 08:57:43,088 - INFO - Fetching content [55/56]: Ex-BI deputy replaces Tommy as deputy finance minister...
2026-02-18 08:57:43,186 - INFO - Fetching content [56/56]: Indonesian markets slide again after Moody's cuts outlook...
2026-02-18 08:57:43,245 - INFO - Saved 56 articles to news_data.json
2026-02-18 08:57:43,245 - INFO - Added 56 new articles
