2026-02-17T23:17:52.053923 | INFO | Starting news pipeline
2026-02-17T23:17:52.054080 | INFO | Fetching RSS feed
2026-02-17T23:17:53.380009 | INFO | Fetched 50 articles from RSS
2026-02-17T23:17:53.380118 | INFO | Found 19 articles from today
2026-02-17T23:17:53.380175 | INFO | Processing article 1/19: Indonesian government declares Feb 19 as start of ...
2026-02-17T23:17:56.555005 | https://en.antaranews.com/news/404854/indonesian-government-declares-feb-19-as-start-of-ramadan | Article content too short or empty
2026-02-17T23:17:56.555128 | INFO | Processing article 2/19: Village cooperatives not to kill off local small b...
2026-02-17T23:17:58.620658 | https://en.antaranews.com/news/404850/village-cooperatives-not-to-kill-off-local-small-businesses-ministry | Article content too short or empty
2026-02-17T23:17:58.620830 | INFO | Processing article 3/19: FGM elimination part of human development investme...
2026-02-17T23:18:00.765946 | https://en.antaranews.com/news/404846/fgm-elimination-part-of-human-development-investment-ministry | Article content too short or empty
2026-02-17T23:18:00.766089 | INFO | Processing article 4/19: Indonesia, Malaysia expand research cooperation on...
2026-02-17T23:18:02.837041 | https://en.antaranews.com/news/404842/indonesia-malaysia-expand-research-cooperation-on-food-security-ai | Article content too short or empty
2026-02-17T23:18:02.837179 | INFO | Processing article 5/19: Minister urges anticipating extreme weather during...
2026-02-17T23:18:04.899167 | https://en.antaranews.com/news/404838/minister-urges-anticipating-extreme-weather-during-eid-travel-season | Article content too short or empty
2026-02-17T23:18:04.899316 | INFO | Processing article 6/19: BGN narrows Bali free meals scope during Chinese N...
2026-02-17T23:18:06.980780 | https://en.antaranews.com/news/404834/bgn-narrows-bali-free-meals-scope-during-chinese-new-year-break | Article content too short or empty
2026-02-17T23:18:06.981082 | INFO | Processing article 7/19: Indonesia prioritizes elderly pilgrims' protection...
2026-02-17T23:18:09.183349 | https://en.antaranews.com/news/404830/indonesia-prioritizes-elderly-pilgrims-protection-in-2026-hajj | Article content too short or empty
2026-02-17T23:18:09.183519 | INFO | Processing article 8/19: RI explores digital payment technology cooperation...
2026-02-17T23:18:11.248284 | https://en.antaranews.com/news/404826/ri-explores-digital-payment-technology-cooperation-with-vietnam | Article content too short or empty
2026-02-17T23:18:11.248404 | INFO | Processing article 9/19: Indonesia seeks seamless digital link with Saudi A...
2026-02-17T23:18:13.306278 | https://en.antaranews.com/news/404822/indonesia-seeks-seamless-digital-link-with-saudi-arabia-for-pilgrims | Article content too short or empty
2026-02-17T23:18:13.306410 | INFO | Processing article 10/19: Indonesia advances Nusa Penida as integrated green...
2026-02-17T23:18:15.401626 | INFO | Processed: Indonesia advances Nusa Penida as integrated green... (Negative: False)
2026-02-17T23:18:15.401740 | INFO | Processing article 11/19: Prabowo to represent developing nations at BoP fir...
2026-02-17T23:18:17.461095 | https://en.antaranews.com/news/404814/prabowo-to-represent-developing-nations-at-bop-first-meeting-dpr | Article content too short or empty
2026-02-17T23:18:17.461244 | INFO | Processing article 12/19: Indonesia targets stronger seafood exports with 20...
2026-02-17T23:18:19.522604 | INFO | Processed: Indonesia targets stronger seafood exports with 20... (Negative: False)
2026-02-17T23:18:19.522719 | INFO | Processing article 13/19: Nirmala Nusantara Rice Cake Festival celebrates So...
2026-02-17T23:18:21.608156 | https://en.antaranews.com/photo/404806/nirmala-nusantara-rice-cake-festival-celebrates-solos-281st-anniversary | Article content too short or empty
2026-02-17T23:18:21.608619 | INFO | Processing article 14/19: Police investigate theft of Thai tourists' suitcas...
2026-02-17T23:18:23.667193 | https://en.antaranews.com/news/404798/police-investigate-theft-of-thai-tourists-suitcases-at-mount-bromo | Article content too short or empty
2026-02-17T23:18:23.667344 | INFO | Processing article 15/19: Chinese New Year: Indonesia grants sentence cuts t...
2026-02-17T23:18:25.737350 | https://en.antaranews.com/news/404794/chinese-new-year-indonesia-grants-sentence-cuts-to-44-inmates | Article content too short or empty
2026-02-17T23:18:25.737511 | INFO | Processing article 16/19: Gibran sends Chinese New Year wishes, lauds Confuc...
2026-02-17T23:18:27.802899 | https://en.antaranews.com/news/404790/gibran-sends-chinese-new-year-wishes-lauds-confucian-contributions | Article content too short or empty
2026-02-17T23:18:27.803052 | INFO | Processing article 17/19: Meulang tradition marks start of Holy Ramadan in M...
2026-02-17T23:18:29.888263 | https://en.antaranews.com/photo/404802/meulang-tradition-marks-start-of-holy-ramadan-in-meulaboh | Article content too short or empty
2026-02-17T23:18:29.888437 | INFO | Processing article 18/19: Minister calls free meals program investment in hu...
2026-02-17T23:18:31.948004 | https://en.antaranews.com/news/404786/minister-calls-free-meals-program-investment-in-human-capital | Article content too short or empty
2026-02-17T23:18:31.948148 | INFO | Processing article 19/19: Sultan bin Ahmed Visits Shanghai Film Studios, Fil...
2026-02-17T23:18:34.033186 | https://en.antaranews.com/news/404782/sultan-bin-ahmed-visits-shanghai-film-studios-film-park-and-stadium | Article content too short or empty
2026-02-17T23:18:34.035456 | INFO | Saved 2 articles to data/2026-02-17_antaranews.json
