2026-02-19 06:05:35,147 - INFO - Starting scrape with 2 days back (cutoff: 2026-02-17)
2026-02-19 06:05:35,149 - INFO - Fetching page 1...
2026-02-19 06:05:35,150 - INFO - Fetching: https://www.bisnis.com/index?categoryId=43&page=1
2026-02-19 06:05:35,212 - ERROR - Error fetching page 1: 403 Client Error: Forbidden for url: https://www.bisnis.com/index?categoryId=43&page=1
2026-02-19 06:05:35,213 - ERROR - Failed to fetch page 1
2026-02-19 06:05:35,213 - INFO - No new articles found
2026-02-19 06:05:55,207 - INFO - Starting scrape with 2 days back (cutoff: 2026-02-17)
2026-02-19 06:05:55,209 - INFO - Fetching page 1...
2026-02-19 06:05:55,209 - INFO - Fetching: https://www.bisnis.com/index?categoryId=43&page=1
2026-02-19 06:05:55,275 - ERROR - Error fetching page 1: 403 Client Error: Forbidden for url: https://www.bisnis.com/index?categoryId=43&page=1
2026-02-19 06:05:55,275 - ERROR - Failed to fetch page 1
2026-02-19 06:05:55,276 - INFO - No new articles found
2026-02-19 06:06:20,238 - INFO - Starting scrape with 2 days back (cutoff: 2026-02-17)
2026-02-19 06:06:20,238 - INFO - Fetching page 1...
2026-02-19 06:06:20,239 - INFO - Fetching: https://www.bisnis.com/index?categoryId=43&page=1
2026-02-19 06:06:20,310 - ERROR - Error fetching page 1: 403 Client Error: Forbidden for url: https://www.bisnis.com/index?categoryId=43&page=1
2026-02-19 06:06:20,311 - ERROR - Failed to fetch page 1
2026-02-19 06:06:20,311 - INFO - No new articles found
2026-02-19 06:06:42,916 - INFO - Starting scrape with 2 days back (cutoff: 2026-02-17)
2026-02-19 06:06:42,916 - INFO - Fetching page 1...
2026-02-19 06:06:42,916 - INFO - Fetching: https://www.bisnis.com/index?categoryId=43&page=1
2026-02-19 06:06:42,995 - ERROR - Error fetching page 1: 403 Client Error: Forbidden for url: https://www.bisnis.com/index?categoryId=43&page=1
2026-02-19 06:06:42,995 - ERROR - Failed to fetch page 1
2026-02-19 06:06:42,996 - INFO - No new articles found
2026-02-19 06:07:49,478 - INFO - Starting scrape with 2 days back (cutoff: 2026-02-17)
2026-02-19 06:07:49,478 - INFO - Fetching page 1...
2026-02-19 06:07:49,478 - INFO - Fetching: https://www.bisnis.com/index?categoryId=43&page=1
2026-02-19 06:07:51,367 - WARNING - Some characters could not be decoded, and were replaced with REPLACEMENT CHARACTER.
2026-02-19 06:07:51,372 - INFO - Found 0 total articles (0 new) on page 1
2026-02-19 06:07:51,372 - INFO - No articles found on page 1, stopping
2026-02-19 06:07:51,372 - INFO - No new articles found
2026-02-19 06:08:26,928 - INFO - Starting scrape with 2 days back (cutoff: 2026-02-17)
2026-02-19 06:08:26,929 - INFO - Fetching page 1...
2026-02-19 06:08:26,929 - INFO - Fetching: https://www.bisnis.com/index?categoryId=43&page=1
2026-02-19 06:08:28,643 - INFO - Found 30 total articles (30 new) on page 1
2026-02-19 06:08:28,644 - INFO - Fetching page 2...
2026-02-19 06:08:28,644 - INFO - Fetching: https://www.bisnis.com/index?categoryId=43&page=2
2026-02-19 06:08:30,484 - INFO - Found 30 total articles (30 new) on page 2
2026-02-19 06:08:30,484 - INFO - Fetching page 3...
2026-02-19 06:08:30,484 - INFO - Fetching: https://www.bisnis.com/index?categoryId=43&page=3
2026-02-19 06:08:32,261 - INFO - Found 30 total articles (30 new) on page 3
2026-02-19 06:08:32,262 - INFO - Fetching page 4...
2026-02-19 06:08:32,262 - INFO - Fetching: https://www.bisnis.com/index?categoryId=43&page=4
2026-02-19 06:08:33,967 - INFO - Found 30 total articles (30 new) on page 4
2026-02-19 06:08:33,967 - INFO - All articles on page 4 are older than cutoff, stopping pagination
2026-02-19 06:08:33,971 - INFO - Saved 120 articles to news_data.json
2026-02-19 06:08:33,972 - INFO - Added 120 new articles
2026-02-19 06:08:46,764 - INFO - Starting scrape with 2 days back (cutoff: 2026-02-17)
2026-02-19 06:08:46,764 - INFO - Fetching page 1...
2026-02-19 06:08:46,764 - INFO - Fetching: https://www.bisnis.com/index?categoryId=43&page=1
2026-02-19 06:08:48,523 - INFO - Found 30 total articles (30 new) on page 1
2026-02-19 06:08:48,524 - INFO - Fetching page 2...
2026-02-19 06:08:48,524 - INFO - Fetching: https://www.bisnis.com/index?categoryId=43&page=2
2026-02-19 06:08:50,289 - INFO - Found 30 total articles (30 new) on page 2
2026-02-19 06:08:50,289 - INFO - Fetching page 3...
2026-02-19 06:08:50,289 - INFO - Fetching: https://www.bisnis.com/index?categoryId=43&page=3
2026-02-19 06:08:52,256 - INFO - Found 30 total articles (30 new) on page 3
2026-02-19 06:08:52,257 - INFO - Fetching page 4...
2026-02-19 06:08:52,257 - INFO - Fetching: https://www.bisnis.com/index?categoryId=43&page=4
2026-02-19 06:08:54,125 - INFO - Found 30 total articles (30 new) on page 4
2026-02-19 06:08:54,125 - INFO - All articles on page 4 are older than cutoff, stopping pagination
2026-02-19 06:08:54,128 - INFO - Saved 120 articles to news_data.json
2026-02-19 06:08:54,128 - INFO - Added 120 new articles
2026-02-19 06:13:07,782 - INFO - Translation enabled: Indonesian -> English
2026-02-19 06:13:07,782 - INFO - Starting scrape with 1 days back (cutoff: 2026-02-18)
2026-02-19 06:13:07,782 - INFO - Fetching page 1...
2026-02-19 06:13:07,782 - INFO - Fetching: https://www.bisnis.com/index?categoryId=43&page=1
2026-02-19 06:13:09,819 - INFO - Found 30 total articles (30 new) on page 1
2026-02-19 06:13:09,819 - INFO - Fetching page 2...
2026-02-19 06:13:09,819 - INFO - Fetching: https://www.bisnis.com/index?categoryId=43&page=2
2026-02-19 06:13:12,588 - INFO - Found 30 total articles (30 new) on page 2
2026-02-19 06:13:12,589 - INFO - All articles on page 2 are older than cutoff, stopping pagination
2026-02-19 06:13:12,590 - INFO - Saved 60 articles to news_data.json
2026-02-19 06:13:12,590 - INFO - Added 60 new articles
2026-02-19 06:13:12,590 - INFO - Translating 60 new articles to English...
2026-02-19 06:13:12,590 - INFO - Translating [1/60]: RI Gandeng AS Bangun Industri Semikonduktor Senilai Rp82,88 ...
2026-02-19 06:13:16,018 - INFO - Translating [2/60]: OPINI: Reformasi Hukum Persaingan Usaha...
2026-02-19 06:13:17,413 - INFO - Translating [3/60]: Freeport Sepakat Beri Tambahan 12% Saham untuk RI Gratis...
2026-02-19 06:13:20,009 - INFO - Translating [4/60]: Freeport-RI Sepakati Perpanjangan Izin Tambang Usai 2041, Ko...
2026-02-19 06:13:21,150 - INFO - Translating [5/60]: THR PNS 2026 Segera Cair Awal Ramadan, Ini Besaran dan Atura...
2026-02-19 06:13:22,393 - INFO - Translating [6/60]: Pemerintah Mau Eksekusi Paksa Hotel Sultan, Begini Nasib Par...
2026-02-19 06:13:24,120 - INFO - Translating [7/60]: BayRun for Charity Lahirkan Solusi Berkelanjutan, 12.400 Jiw...
2026-02-19 06:13:25,117 - INFO - Translating [8/60]: Daftar Pengusaha yang Ikut Prabowo ke AS: Bos Pertamina hing...
2026-02-19 06:13:25,816 - INFO - Translating [9/60]: Penjelasan Anak Buah Purbaya Imbas Penawaran SUN Turun Berun...
2026-02-19 06:13:26,954 - INFO - Translating [10/60]: Nasib Pembiayaan APBN Ketika Surat Utang Pemerintah Sepi Pem...
2026-02-19 06:13:27,978 - INFO - Translating [11/60]: Pengusaha Mamin: Butuh Roadmap untuk Lepas dari Ketergantung...
2026-02-19 06:13:28,691 - INFO - Translating [12/60]: Prabowo Pamer ke Pengusaha AS: Kami Tak Pernah Gagal Bayar, ...
2026-02-19 06:13:29,476 - INFO - Translating [13/60]: Disaksikan Prabowo, Pengusaha Teken 11 MoU Investasi RI-AS R...
2026-02-19 06:13:30,223 - INFO - Translating [14/60]: Risalah FOMC The Fed: Waspadai Inflasi, Opsi Kenaikan Suku B...
2026-02-19 06:13:31,595 - INFO - Translating [15/60]: Pontjo Sutowo Tolak Serahkan Hotel Sultan, Pemerintah Ajukan...
2026-02-19 06:13:32,448 - INFO - Translating [16/60]: Pedagang Pasar Parung Panjang Mengeluh Harga Telur Melambung...
2026-02-19 06:13:34,276 - INFO - Translating [17/60]: MRT Perbolehkan Penumpang Berbuka Puasa di Dalam Kereta Sela...
2026-02-19 06:13:35,392 - INFO - Translating [18/60]: Airlangga: Prabowo dan Trump Bakal Teken Kesepakatan Tarif D...
2026-02-19 06:13:36,105 - INFO - Translating [19/60]: Prabowo: Investasi di MBG Bisa Untung hingga 35 Kali Lipat...
2026-02-19 06:13:37,057 - INFO - Translating [20/60]: Sepi Peminat, Jumlah Penawaran Lelang Surat Utang Negara Anj...
2026-02-19 06:13:37,924 - INFO - Translating [21/60]: MRT Perluas Jalur Bawah Tanah, Terintegrasi dengan Grand Hya...
2026-02-19 06:13:39,034 - INFO - Translating [22/60]: Beda Purbaya dan Para Kades Sikapi 58% Dana Desa untuk Kopde...
2026-02-19 06:13:39,809 - INFO - Translating [23/60]: Beda Purbaya dan Pengusaha Menyikapi Penyusutan Utang Valas ...
2026-02-19 06:13:40,590 - INFO - Translating [24/60]: Komisi V DPR:  Kemenhub Kekurangan Anggaran Rp20 Triliun...
2026-02-19 06:13:41,613 - INFO - Translating [25/60]: Persaingan Broker Properti di Era Digital...
2026-02-19 06:13:42,603 - INFO - Translating [26/60]: Seluruh Tempat Hiburan Malam di Makassar Tutup Sementara sel...
2026-02-19 06:13:43,924 - INFO - Translating [27/60]: Pengusaha Minta Pemerintah Siapkan Industri Hilir Sebelum Se...
2026-02-19 06:13:45,003 - INFO - Translating [28/60]: Usai Bangun 1.368 Huntara, Danantara Segera Groundbreaking H...
2026-02-19 06:13:46,188 - INFO - Translating [29/60]: Krakatau Steel (KRAS) Prediksi Kebutuhan Baja untuk Industri...
2026-02-19 06:13:47,013 - INFO - Translating [30/60]: Harga Daging dan Telur Ayam Ras Masih Tinggi, Imbas MBG?...
2026-02-19 06:13:48,171 - INFO - Translating [31/60]: Bapanas Ungkap Biang Keladi Harga Cabai Rawit Meroket, Sebut...
2026-02-19 06:13:49,444 - INFO - Translating [32/60]: Pemerintah Bakal Kucurkan Banpres Rp3 Juta Buat 200.000 UMKM...
2026-02-19 06:13:50,154 - INFO - Translating [33/60]: Pengusaha Konveksi Mulai Kebanjiran Pesanan Jelang Lebaran 2...
2026-02-19 06:13:51,224 - INFO - Translating [34/60]: Untung Rugi Perminas Garap Logam Tanah Jarang di Gabon...
2026-02-19 06:13:51,930 - INFO - Translating [35/60]: DPR Soroti Merpati Airlines Tunggak Pesangon Eks Pegawai Rp2...
2026-02-19 06:13:53,098 - INFO - Translating [36/60]: Ekonom Dorong Transformasi Industri Padat Karya untuk Genjot...
2026-02-19 06:13:53,829 - INFO - Translating [37/60]: Purbaya Bandingkan Rasio Utang RI dengan Singapura Cs: Kami ...
2026-02-19 06:13:54,717 - INFO - Translating [38/60]: Ahli Tambang: Larangan Ekspor Timah Strategis untuk Bangun M...
2026-02-19 06:13:55,845 - INFO - Translating [39/60]: Kebut Kopdes Merah Putih, Kemenkop Bakal Sesuaikan Spesifika...
2026-02-19 06:13:57,066 - INFO - Translating [40/60]: IMF Usulkan Kerek Tarif PPh, Purbaya: Tarif Tidak Naik, Sebe...
2026-02-19 06:13:57,778 - INFO - Translating [41/60]: Ekspansi Dunia Usaha Belum Ngebut, Kadin Harap Danantara Jad...
2026-02-19 06:13:58,466 - INFO - Translating [42/60]: BPS: Harga Cabai Rawit Melonjak, Tertinggi Capai Rp200.000 p...
2026-02-19 06:13:59,713 - INFO - Translating [43/60]: Respons Purbaya Usai UU APBN Digugat ke MK Karena Anggaran M...
2026-02-19 06:14:00,442 - INFO - Translating [44/60]: 58% Dana Desa untuk Kopdes Merah Putih, Purbaya: Hitungan Sa...
2026-02-19 06:14:01,805 - INFO - Translating [45/60]: Aliran Gas Bumi di Balik Ornamen Merah dan Derap Perayaan Im...
2026-02-19 06:14:02,533 - INFO - Translating [46/60]: 200.000 UMKM Terdampak Bencana Sumatra, Utang Capai Rp12,19 ...
2026-02-19 06:14:03,762 - INFO - Translating [47/60]: BPS Catat Harga Minyakita Turun 2,87%, Tapi Masih Lampaui HE...
2026-02-19 06:14:04,882 - INFO - Translating [48/60]: Utang Luar Negeri Swasta Susut, Purbaya Bantah Pelaku Usaha ...
2026-02-19 06:14:05,602 - INFO - Translating [49/60]: Kabar Baik! Proyek KRL Surabaya Segera Dibangun, Ini Bocoran...
2026-02-19 06:14:06,369 - INFO - Translating [50/60]: Bocoran Menteri PU soal Besaran Diskon Tarif Tol Mudik Lebar...
2026-02-19 06:14:07,062 - INFO - Translating [51/60]: Menteri PKP Pastikan Program Gentengisasi 100% Pakai Produk ...
2026-02-19 06:14:07,829 - INFO - Translating [52/60]: Bank Dunia Soroti Stagnasi Manufaktur RI, Indef: Perkuat Ind...
2026-02-19 06:14:08,604 - INFO - Translating [53/60]: Harga CPO Naik, Kemendag Bakal Perbanyak Merek Minyak Goreng...
2026-02-19 06:14:09,391 - INFO - Translating [54/60]: Para Kades Ingin Temui Prabowo usai 58% Dana Desa untuk Kopd...
2026-02-19 06:14:10,179 - INFO - Translating [55/60]: Serapan Anggaran Kemenhub 2025 Cuma 88%, Ditjen Kereta Palin...
2026-02-19 06:14:10,958 - INFO - Translating [56/60]: Tito: Korban Bencana Sumatra Dapat Dana Tunggu Hunian Rp1,8 ...
2026-02-19 06:14:12,477 - INFO - Translating [57/60]: Denyut Sektor Properti Melemah, Daya Beli Kelas Menengah Jat...
2026-02-19 06:14:13,190 - INFO - Translating [58/60]: Mendag Bantah MBG Bikin Pasokan Telur-Daging Ayam Menipis...
2026-02-19 06:14:13,917 - INFO - Translating [59/60]: Purbaya Suntik Dana Tambahan Rp10,65 Triliun untuk Tangani B...
2026-02-19 06:14:14,667 - INFO - Translating [60/60]: Jadwal dan Tarif Damri Bekasi – Soekarno Hatta Terbaru 2026...
2026-02-19 06:14:15,371 - INFO - Saved 60 translated articles to news_data_translated.json
2026-02-19 06:14:15,371 - INFO - Added 60 translated articles
2026-02-19 06:18:28,225 - INFO - Translation enabled: Indonesian -> English
2026-02-19 06:18:28,225 - INFO - Translation enabled: Indonesian -> Thai
2026-02-19 06:18:28,225 - INFO - Starting scrape with 1 days back (cutoff: 2026-02-18)
2026-02-19 06:18:28,225 - INFO - Fetching page 1...
2026-02-19 06:18:28,226 - INFO - Fetching: https://www.bisnis.com/index?categoryId=43&page=1
2026-02-19 06:18:29,854 - INFO - Found 30 total articles (30 new) on page 1
2026-02-19 06:18:29,855 - INFO - Fetching page 2...
2026-02-19 06:18:29,855 - INFO - Fetching: https://www.bisnis.com/index?categoryId=43&page=2
2026-02-19 06:18:31,706 - INFO - Found 30 total articles (30 new) on page 2
2026-02-19 06:18:31,706 - INFO - Fetching page 3...
2026-02-19 06:18:31,706 - INFO - Fetching: https://www.bisnis.com/index?categoryId=43&page=3
2026-02-19 06:18:33,479 - INFO - Found 30 total articles (30 new) on page 3
2026-02-19 06:18:33,479 - INFO - All articles on page 3 are older than cutoff, stopping pagination
2026-02-19 06:18:33,480 - INFO - Saved 90 articles to news_data.json
2026-02-19 06:18:33,480 - INFO - Added 90 new articles
2026-02-19 06:18:33,480 - INFO - Translating 90 new articles to English...
2026-02-19 06:18:33,480 - INFO - Translating to English [1/90]: Prabowo Pamer Hemat Anggaran Rp303,14 T di Business Summit U...
2026-02-19 06:18:34,428 - INFO - Translating to English [2/90]: Purbaya Buka-bukaan Alasan Maksimalkan Defisit APBN 2025 hin...
2026-02-19 06:18:35,669 - INFO - Translating to English [3/90]: RI Gandeng AS Bangun Industri Semikonduktor Senilai Rp82,88 ...
2026-02-19 06:18:36,395 - INFO - Translating to English [4/90]: OPINI: Reformasi Hukum Persaingan Usaha...
2026-02-19 06:18:37,084 - INFO - Translating to English [5/90]: Freeport Sepakat Beri Tambahan 12% Saham untuk RI Gratis...
2026-02-19 06:18:37,787 - INFO - Translating to English [6/90]: Freeport-RI Sepakati Perpanjangan Izin Tambang Usai 2041, Ko...
2026-02-19 06:18:38,477 - INFO - Translating to English [7/90]: THR PNS 2026 Segera Cair Awal Ramadan, Ini Besaran dan Atura...
2026-02-19 06:18:39,220 - INFO - Translating to English [8/90]: Pemerintah Mau Eksekusi Paksa Hotel Sultan, Begini Nasib Par...
2026-02-19 06:18:39,950 - INFO - Translating to English [9/90]: BayRun for Charity Lahirkan Solusi Berkelanjutan, 12.400 Jiw...
2026-02-19 06:18:40,680 - INFO - Translating to English [10/90]: Daftar Pengusaha yang Ikut Prabowo ke AS: Bos Pertamina hing...
2026-02-19 06:18:41,364 - INFO - Translating to English [11/90]: Penjelasan Anak Buah Purbaya Imbas Penawaran SUN Turun Berun...
2026-02-19 06:18:42,133 - INFO - Translating to English [12/90]: Nasib Pembiayaan APBN Ketika Surat Utang Pemerintah Sepi Pem...
2026-02-19 06:18:42,849 - INFO - Translating to English [13/90]: Pengusaha Mamin: Butuh Roadmap untuk Lepas dari Ketergantung...
2026-02-19 06:18:43,531 - INFO - Translating to English [14/90]: Prabowo Pamer ke Pengusaha AS: Kami Tak Pernah Gagal Bayar, ...
2026-02-19 06:18:44,238 - INFO - Translating to English [15/90]: Disaksikan Prabowo, Pengusaha Teken 11 MoU Investasi RI-AS R...
2026-02-19 06:18:44,913 - INFO - Translating to English [16/90]: Risalah FOMC The Fed: Waspadai Inflasi, Opsi Kenaikan Suku B...
2026-02-19 06:18:45,593 - INFO - Translating to English [17/90]: Pontjo Sutowo Tolak Serahkan Hotel Sultan, Pemerintah Ajukan...
2026-02-19 06:18:46,404 - INFO - Translating to English [18/90]: Pedagang Pasar Parung Panjang Mengeluh Harga Telur Melambung...
2026-02-19 06:18:47,256 - INFO - Translating to English [19/90]: MRT Perbolehkan Penumpang Berbuka Puasa di Dalam Kereta Sela...
2026-02-19 06:18:47,960 - INFO - Translating to English [20/90]: Airlangga: Prabowo dan Trump Bakal Teken Kesepakatan Tarif D...
2026-02-19 06:18:48,667 - INFO - Translating to English [21/90]: Prabowo: Investasi di MBG Bisa Untung hingga 35 Kali Lipat...
2026-02-19 06:18:49,391 - INFO - Translating to English [22/90]: Sepi Peminat, Jumlah Penawaran Lelang Surat Utang Negara Anj...
2026-02-19 06:18:50,093 - INFO - Translating to English [23/90]: MRT Perluas Jalur Bawah Tanah, Terintegrasi dengan Grand Hya...
2026-02-19 06:18:50,822 - INFO - Translating to English [24/90]: Beda Purbaya dan Para Kades Sikapi 58% Dana Desa untuk Kopde...
2026-02-19 06:18:51,536 - INFO - Translating to English [25/90]: Beda Purbaya dan Pengusaha Menyikapi Penyusutan Utang Valas ...
2026-02-19 06:18:52,266 - INFO - Translating to English [26/90]: Komisi V DPR:  Kemenhub Kekurangan Anggaran Rp20 Triliun...
2026-02-19 06:18:53,016 - INFO - Translating to English [27/90]: Persaingan Broker Properti di Era Digital...
2026-02-19 06:18:53,750 - INFO - Translating to English [28/90]: Seluruh Tempat Hiburan Malam di Makassar Tutup Sementara sel...
2026-02-19 06:18:54,422 - INFO - Translating to English [29/90]: Pengusaha Minta Pemerintah Siapkan Industri Hilir Sebelum Se...
2026-02-19 06:18:55,141 - INFO - Translating to English [30/90]: Usai Bangun 1.368 Huntara, Danantara Segera Groundbreaking H...
2026-02-19 06:18:57,933 - INFO - Translating to English [31/90]: Krakatau Steel (KRAS) Prediksi Kebutuhan Baja untuk Industri...
2026-02-19 06:18:58,663 - INFO - Translating to English [32/90]: Harga Daging dan Telur Ayam Ras Masih Tinggi, Imbas MBG?...
2026-02-19 06:18:59,574 - INFO - Translating to English [33/90]: Bapanas Ungkap Biang Keladi Harga Cabai Rawit Meroket, Sebut...
2026-02-19 06:19:00,524 - INFO - Translating to English [34/90]: Pemerintah Bakal Kucurkan Banpres Rp3 Juta Buat 200.000 UMKM...
2026-02-19 06:19:01,238 - INFO - Translating to English [35/90]: Pengusaha Konveksi Mulai Kebanjiran Pesanan Jelang Lebaran 2...
2026-02-19 06:19:01,974 - INFO - Translating to English [36/90]: Untung Rugi Perminas Garap Logam Tanah Jarang di Gabon...
2026-02-19 06:19:02,779 - INFO - Translating to English [37/90]: DPR Soroti Merpati Airlines Tunggak Pesangon Eks Pegawai Rp2...
2026-02-19 06:19:03,501 - INFO - Translating to English [38/90]: Ekonom Dorong Transformasi Industri Padat Karya untuk Genjot...
2026-02-19 06:19:04,382 - INFO - Translating to English [39/90]: Purbaya Bandingkan Rasio Utang RI dengan Singapura Cs: Kami ...
2026-02-19 06:19:05,119 - INFO - Translating to English [40/90]: Ahli Tambang: Larangan Ekspor Timah Strategis untuk Bangun M...
2026-02-19 06:19:05,843 - INFO - Translating to English [41/90]: Kebut Kopdes Merah Putih, Kemenkop Bakal Sesuaikan Spesifika...
2026-02-19 06:19:06,587 - INFO - Translating to English [42/90]: IMF Usulkan Kerek Tarif PPh, Purbaya: Tarif Tidak Naik, Sebe...
2026-02-19 06:19:07,343 - INFO - Translating to English [43/90]: Ekspansi Dunia Usaha Belum Ngebut, Kadin Harap Danantara Jad...
2026-02-19 06:19:08,055 - INFO - Translating to English [44/90]: BPS: Harga Cabai Rawit Melonjak, Tertinggi Capai Rp200.000 p...
2026-02-19 06:19:08,810 - INFO - Translating to English [45/90]: Respons Purbaya Usai UU APBN Digugat ke MK Karena Anggaran M...
2026-02-19 06:19:09,537 - INFO - Translating to English [46/90]: 58% Dana Desa untuk Kopdes Merah Putih, Purbaya: Hitungan Sa...
2026-02-19 06:19:10,227 - INFO - Translating to English [47/90]: Aliran Gas Bumi di Balik Ornamen Merah dan Derap Perayaan Im...
2026-02-19 06:19:10,918 - INFO - Translating to English [48/90]: 200.000 UMKM Terdampak Bencana Sumatra, Utang Capai Rp12,19 ...
2026-02-19 06:19:11,634 - INFO - Translating to English [49/90]: BPS Catat Harga Minyakita Turun 2,87%, Tapi Masih Lampaui HE...
2026-02-19 06:19:12,336 - INFO - Translating to English [50/90]: Utang Luar Negeri Swasta Susut, Purbaya Bantah Pelaku Usaha ...
2026-02-19 06:19:13,015 - INFO - Translating to English [51/90]: Kabar Baik! Proyek KRL Surabaya Segera Dibangun, Ini Bocoran...
2026-02-19 06:19:13,688 - INFO - Translating to English [52/90]: Bocoran Menteri PU soal Besaran Diskon Tarif Tol Mudik Lebar...
2026-02-19 06:19:14,431 - INFO - Translating to English [53/90]: Menteri PKP Pastikan Program Gentengisasi 100% Pakai Produk ...
2026-02-19 06:19:15,139 - INFO - Translating to English [54/90]: Bank Dunia Soroti Stagnasi Manufaktur RI, Indef: Perkuat Ind...
2026-02-19 06:19:15,863 - INFO - Translating to English [55/90]: Harga CPO Naik, Kemendag Bakal Perbanyak Merek Minyak Goreng...
2026-02-19 06:19:16,546 - INFO - Translating to English [56/90]: Para Kades Ingin Temui Prabowo usai 58% Dana Desa untuk Kopd...
2026-02-19 06:19:17,213 - INFO - Translating to English [57/90]: Serapan Anggaran Kemenhub 2025 Cuma 88%, Ditjen Kereta Palin...
2026-02-19 06:19:17,929 - INFO - Translating to English [58/90]: Tito: Korban Bencana Sumatra Dapat Dana Tunggu Hunian Rp1,8 ...
2026-02-19 06:19:18,644 - INFO - Translating to English [59/90]: Denyut Sektor Properti Melemah, Daya Beli Kelas Menengah Jat...
2026-02-19 06:19:19,385 - INFO - Translating to English [60/90]: Mendag Bantah MBG Bikin Pasokan Telur-Daging Ayam Menipis...
2026-02-19 06:19:20,069 - INFO - Translating to English [61/90]: Purbaya Suntik Dana Tambahan Rp10,65 Triliun untuk Tangani B...
2026-02-19 06:19:20,788 - INFO - Translating to English [62/90]: Jadwal dan Tarif Damri Bekasi – Soekarno Hatta Terbaru 2026...
2026-02-19 06:19:21,555 - INFO - Translating to English [63/90]: Citilink Ubah Ketentuan Bagasi, Berlaku Mulai 1 Maret 2026...
2026-02-19 06:19:22,263 - INFO - Translating to English [64/90]: Bocoran Mendag soal Negosiasi Tarif Trump: Substansi Sudah S...
2026-02-19 06:19:22,966 - INFO - Translating to English [65/90]: Menteri PU Curhat Dana Tanggap Darurat Rp4,3 Triliun Belum D...
2026-02-19 06:19:23,662 - INFO - Translating to English [66/90]: Mendag Ungkap Jurus Stabilkan Harga Telur hingga Minyakita s...
2026-02-19 06:19:24,358 - INFO - Translating to English [67/90]: LRT: Penumpang Boleh Buka Puasa di Kereta hingga Pukul 19.00...
2026-02-19 06:19:25,346 - INFO - Translating to English [68/90]: Berkshire Warren Buffett Jual Saham Teknologi, Beli Media Hi...
2026-02-19 06:19:26,048 - INFO - Translating to English [69/90]: Pemerintah Pastikan Tarif Trump untuk Indonesia 19%, Sawit, ...
2026-02-19 06:19:26,784 - INFO - Translating to English [70/90]: Purbaya ungkap 3 Skema Alokasi Anggaran Rehabilitasi Pasca B...
2026-02-19 06:19:27,483 - INFO - Translating to English [71/90]: KAI Commuter: Penumpang Boleh Buka Puasa di KRL saat Ramadan...
2026-02-19 06:19:29,035 - INFO - Translating to English [72/90]: Kemenhub: Operator yang Hentikan Penerbangan Perintis di Pap...
2026-02-19 06:19:29,832 - INFO - Translating to English [73/90]: DJP Catat 13,9 Juta WP Aktivasi Coretax, Baru 2,9 Juta yang ...
2026-02-19 06:19:30,561 - INFO - Translating to English [74/90]: Mendag Blak-blakan Penyebab Harga Minyakita Belum Turun Jela...
2026-02-19 06:19:31,322 - INFO - Translating to English [75/90]: 21 Menara Telekomunikasi Bayan Group Hubungkan Wilayah Terpe...
2026-02-19 06:19:32,015 - INFO - Translating to English [76/90]: EMAS Mulai Produksi Emas di Tambang Pani, Target Tahun Perta...
2026-02-19 06:19:33,031 - INFO - Translating to English [77/90]: Harga Batu Bara Acuan (HBA) Periode Kedua Februari 2026 Komp...
2026-02-19 06:19:34,240 - INFO - Translating to English [78/90]: Mendag Akui Harga Minyakita-Telur Ayam Naik Jelang Ramadan 2...
2026-02-19 06:19:35,123 - INFO - Translating to English [79/90]: Utang Luar Negeri RI Naik Jadi Rp7.196 Triliun per Kuartal I...
2026-02-19 06:19:35,845 - INFO - Translating to English [80/90]: Simak Jadwal Sementara Whoosh Selama Pemindahan Kabel SUTT K...
2026-02-19 06:19:36,769 - INFO - Translating to English [81/90]: Kesepakatan Dagang AS-Jepang Mulai Berjalan, Investasi Awal ...
2026-02-19 06:19:37,446 - INFO - Translating to English [82/90]: Transformasi Ekonomi Berjalan Pelan, Manufaktur RI Disorot B...
2026-02-19 06:19:38,131 - INFO - Translating to English [83/90]: Utilisasi Industri Pemintalan Anjlok, Pembelian Kapas AS Ter...
2026-02-19 06:19:39,634 - INFO - Translating to English [84/90]: Harga Pangan Hari Ini 18 Februari: Harga Beras Turun, Daging...
2026-02-19 06:19:40,992 - INFO - Translating to English [85/90]: Konstruksi Sekolah Rakyat Tahap II Jateng Dimulai, Ini Sebar...
2026-02-19 06:19:42,044 - INFO - Translating to English [86/90]: Sederet Catatan Penting Jelang Finalisasi Tarif Dagang RI-AS...
2026-02-19 06:19:42,778 - INFO - Translating to English [87/90]: Ekonomi Riil Melemah, Mobilitas Mudik Lebaran 2026 Diperkira...
2026-02-19 06:19:44,070 - INFO - Translating to English [88/90]: Potret Pengeluaran Warga RI: Kelas Atas Masih Dominan, Kelas...
2026-02-19 06:19:45,141 - INFO - Translating to English [89/90]: Industri Tekstil RI Menanti 'Tuah' Pertemuan Prabowo–Trump...
2026-02-19 06:19:46,154 - INFO - Translating to English [90/90]: Ramalan Pejabat The Fed: Lonjakan Produktivitas AI Dorong Ke...
2026-02-19 06:19:46,990 - INFO - Saved 90 translated articles (en) to news_data_translated_en.json
2026-02-19 06:19:46,991 - INFO - Added 90 English translated articles
2026-02-19 06:19:46,991 - INFO - Translating 90 new articles to Thai...
2026-02-19 06:19:46,991 - INFO - Translating to Thai [1/90]: Prabowo Pamer Hemat Anggaran Rp303,14 T di Business Summit U...
2026-02-19 06:19:48,556 - INFO - Translating to Thai [2/90]: Purbaya Buka-bukaan Alasan Maksimalkan Defisit APBN 2025 hin...
2026-02-19 06:19:50,340 - INFO - Translating to Thai [3/90]: RI Gandeng AS Bangun Industri Semikonduktor Senilai Rp82,88 ...
2026-02-19 06:19:51,282 - INFO - Translating to Thai [4/90]: OPINI: Reformasi Hukum Persaingan Usaha...
2026-02-19 06:19:52,814 - INFO - Translating to Thai [5/90]: Freeport Sepakat Beri Tambahan 12% Saham untuk RI Gratis...
2026-02-19 06:20:01,852 - INFO - Translating to Thai [6/90]: Freeport-RI Sepakati Perpanjangan Izin Tambang Usai 2041, Ko...
2026-02-19 06:20:03,608 - INFO - Translating to Thai [7/90]: THR PNS 2026 Segera Cair Awal Ramadan, Ini Besaran dan Atura...
2026-02-19 06:20:05,308 - INFO - Translating to Thai [8/90]: Pemerintah Mau Eksekusi Paksa Hotel Sultan, Begini Nasib Par...
2026-02-19 06:20:06,282 - INFO - Translating to Thai [9/90]: BayRun for Charity Lahirkan Solusi Berkelanjutan, 12.400 Jiw...
2026-02-19 06:20:07,919 - INFO - Translating to Thai [10/90]: Daftar Pengusaha yang Ikut Prabowo ke AS: Bos Pertamina hing...
2026-02-19 06:20:09,686 - INFO - Translating to Thai [11/90]: Penjelasan Anak Buah Purbaya Imbas Penawaran SUN Turun Berun...
2026-02-19 06:20:10,932 - INFO - Translating to Thai [12/90]: Nasib Pembiayaan APBN Ketika Surat Utang Pemerintah Sepi Pem...
2026-02-19 06:20:12,998 - INFO - Translating to Thai [13/90]: Pengusaha Mamin: Butuh Roadmap untuk Lepas dari Ketergantung...
2026-02-19 06:20:14,492 - INFO - Translating to Thai [14/90]: Prabowo Pamer ke Pengusaha AS: Kami Tak Pernah Gagal Bayar, ...
2026-02-19 06:20:15,942 - INFO - Translating to Thai [15/90]: Disaksikan Prabowo, Pengusaha Teken 11 MoU Investasi RI-AS R...
2026-02-19 06:20:17,047 - INFO - Translating to Thai [16/90]: Risalah FOMC The Fed: Waspadai Inflasi, Opsi Kenaikan Suku B...
2026-02-19 06:20:19,370 - INFO - Translating to Thai [17/90]: Pontjo Sutowo Tolak Serahkan Hotel Sultan, Pemerintah Ajukan...
2026-02-19 06:20:20,543 - INFO - Translating to Thai [18/90]: Pedagang Pasar Parung Panjang Mengeluh Harga Telur Melambung...
2026-02-19 06:20:22,259 - INFO - Translating to Thai [19/90]: MRT Perbolehkan Penumpang Berbuka Puasa di Dalam Kereta Sela...
2026-02-19 06:20:24,073 - INFO - Translating to Thai [20/90]: Airlangga: Prabowo dan Trump Bakal Teken Kesepakatan Tarif D...
2026-02-19 06:20:25,096 - INFO - Translating to Thai [21/90]: Prabowo: Investasi di MBG Bisa Untung hingga 35 Kali Lipat...
2026-02-19 06:20:26,538 - INFO - Translating to Thai [22/90]: Sepi Peminat, Jumlah Penawaran Lelang Surat Utang Negara Anj...
2026-02-19 06:20:28,280 - INFO - Translating to Thai [23/90]: MRT Perluas Jalur Bawah Tanah, Terintegrasi dengan Grand Hya...
2026-02-19 06:20:29,972 - INFO - Translating to Thai [24/90]: Beda Purbaya dan Para Kades Sikapi 58% Dana Desa untuk Kopde...
2026-02-19 06:20:32,557 - INFO - Translating to Thai [25/90]: Beda Purbaya dan Pengusaha Menyikapi Penyusutan Utang Valas ...
2026-02-19 06:20:33,963 - INFO - Translating to Thai [26/90]: Komisi V DPR:  Kemenhub Kekurangan Anggaran Rp20 Triliun...
2026-02-19 06:20:35,712 - INFO - Translating to Thai [27/90]: Persaingan Broker Properti di Era Digital...
2026-02-19 06:20:37,510 - INFO - Translating to Thai [28/90]: Seluruh Tempat Hiburan Malam di Makassar Tutup Sementara sel...
2026-02-19 06:20:38,934 - INFO - Translating to Thai [29/90]: Pengusaha Minta Pemerintah Siapkan Industri Hilir Sebelum Se...
2026-02-19 06:20:39,806 - INFO - Translating to Thai [30/90]: Usai Bangun 1.368 Huntara, Danantara Segera Groundbreaking H...
2026-02-19 06:20:40,900 - INFO - Translating to Thai [31/90]: Krakatau Steel (KRAS) Prediksi Kebutuhan Baja untuk Industri...
2026-02-19 06:20:42,064 - INFO - Translating to Thai [32/90]: Harga Daging dan Telur Ayam Ras Masih Tinggi, Imbas MBG?...
2026-02-19 06:20:43,830 - INFO - Translating to Thai [33/90]: Bapanas Ungkap Biang Keladi Harga Cabai Rawit Meroket, Sebut...
2026-02-19 06:20:45,158 - INFO - Translating to Thai [34/90]: Pemerintah Bakal Kucurkan Banpres Rp3 Juta Buat 200.000 UMKM...
2026-02-19 06:20:46,172 - INFO - Translating to Thai [35/90]: Pengusaha Konveksi Mulai Kebanjiran Pesanan Jelang Lebaran 2...
2026-02-19 06:20:47,657 - INFO - Translating to Thai [36/90]: Untung Rugi Perminas Garap Logam Tanah Jarang di Gabon...
2026-02-19 06:20:48,589 - INFO - Translating to Thai [37/90]: DPR Soroti Merpati Airlines Tunggak Pesangon Eks Pegawai Rp2...
2026-02-19 06:20:49,733 - INFO - Translating to Thai [38/90]: Ekonom Dorong Transformasi Industri Padat Karya untuk Genjot...
2026-02-19 06:20:51,101 - INFO - Translating to Thai [39/90]: Purbaya Bandingkan Rasio Utang RI dengan Singapura Cs: Kami ...
2026-02-19 06:20:54,741 - INFO - Translating to Thai [40/90]: Ahli Tambang: Larangan Ekspor Timah Strategis untuk Bangun M...
2026-02-19 06:20:56,270 - INFO - Translating to Thai [41/90]: Kebut Kopdes Merah Putih, Kemenkop Bakal Sesuaikan Spesifika...
2026-02-19 06:20:58,297 - INFO - Translating to Thai [42/90]: IMF Usulkan Kerek Tarif PPh, Purbaya: Tarif Tidak Naik, Sebe...
2026-02-19 06:20:59,682 - INFO - Translating to Thai [43/90]: Ekspansi Dunia Usaha Belum Ngebut, Kadin Harap Danantara Jad...
2026-02-19 06:21:01,344 - INFO - Translating to Thai [44/90]: BPS: Harga Cabai Rawit Melonjak, Tertinggi Capai Rp200.000 p...
2026-02-19 06:21:02,344 - INFO - Translating to Thai [45/90]: Respons Purbaya Usai UU APBN Digugat ke MK Karena Anggaran M...
2026-02-19 06:21:03,339 - INFO - Translating to Thai [46/90]: 58% Dana Desa untuk Kopdes Merah Putih, Purbaya: Hitungan Sa...
2026-02-19 06:21:04,404 - INFO - Translating to Thai [47/90]: Aliran Gas Bumi di Balik Ornamen Merah dan Derap Perayaan Im...
2026-02-19 06:21:06,070 - INFO - Translating to Thai [48/90]: 200.000 UMKM Terdampak Bencana Sumatra, Utang Capai Rp12,19 ...
2026-02-19 06:21:07,916 - INFO - Translating to Thai [49/90]: BPS Catat Harga Minyakita Turun 2,87%, Tapi Masih Lampaui HE...
2026-02-19 06:21:09,145 - INFO - Translating to Thai [50/90]: Utang Luar Negeri Swasta Susut, Purbaya Bantah Pelaku Usaha ...
2026-02-19 06:21:11,091 - INFO - Translating to Thai [51/90]: Kabar Baik! Proyek KRL Surabaya Segera Dibangun, Ini Bocoran...
2026-02-19 06:21:13,432 - INFO - Translating to Thai [52/90]: Bocoran Menteri PU soal Besaran Diskon Tarif Tol Mudik Lebar...
2026-02-19 06:21:15,074 - INFO - Translating to Thai [53/90]: Menteri PKP Pastikan Program Gentengisasi 100% Pakai Produk ...
2026-02-19 06:21:16,180 - INFO - Translating to Thai [54/90]: Bank Dunia Soroti Stagnasi Manufaktur RI, Indef: Perkuat Ind...
2026-02-19 06:21:17,158 - INFO - Translating to Thai [55/90]: Harga CPO Naik, Kemendag Bakal Perbanyak Merek Minyak Goreng...
2026-02-19 06:21:18,474 - INFO - Translating to Thai [56/90]: Para Kades Ingin Temui Prabowo usai 58% Dana Desa untuk Kopd...
2026-02-19 06:21:20,616 - INFO - Translating to Thai [57/90]: Serapan Anggaran Kemenhub 2025 Cuma 88%, Ditjen Kereta Palin...
2026-02-19 06:21:22,470 - INFO - Translating to Thai [58/90]: Tito: Korban Bencana Sumatra Dapat Dana Tunggu Hunian Rp1,8 ...
2026-02-19 06:21:23,969 - INFO - Translating to Thai [59/90]: Denyut Sektor Properti Melemah, Daya Beli Kelas Menengah Jat...
2026-02-19 06:21:25,087 - INFO - Translating to Thai [60/90]: Mendag Bantah MBG Bikin Pasokan Telur-Daging Ayam Menipis...
2026-02-19 06:21:26,302 - INFO - Translating to Thai [61/90]: Purbaya Suntik Dana Tambahan Rp10,65 Triliun untuk Tangani B...
2026-02-19 06:21:27,569 - INFO - Translating to Thai [62/90]: Jadwal dan Tarif Damri Bekasi – Soekarno Hatta Terbaru 2026...
2026-02-19 06:21:29,071 - INFO - Translating to Thai [63/90]: Citilink Ubah Ketentuan Bagasi, Berlaku Mulai 1 Maret 2026...
2026-02-19 06:21:30,206 - INFO - Translating to Thai [64/90]: Bocoran Mendag soal Negosiasi Tarif Trump: Substansi Sudah S...
2026-02-19 06:21:32,034 - INFO - Translating to Thai [65/90]: Menteri PU Curhat Dana Tanggap Darurat Rp4,3 Triliun Belum D...
2026-02-19 06:21:33,668 - INFO - Translating to Thai [66/90]: Mendag Ungkap Jurus Stabilkan Harga Telur hingga Minyakita s...
2026-02-19 06:21:34,523 - INFO - Translating to Thai [67/90]: LRT: Penumpang Boleh Buka Puasa di Kereta hingga Pukul 19.00...
2026-02-19 06:21:35,809 - INFO - Translating to Thai [68/90]: Berkshire Warren Buffett Jual Saham Teknologi, Beli Media Hi...
2026-02-19 06:21:36,865 - INFO - Translating to Thai [69/90]: Pemerintah Pastikan Tarif Trump untuk Indonesia 19%, Sawit, ...
2026-02-19 06:21:37,889 - INFO - Translating to Thai [70/90]: Purbaya ungkap 3 Skema Alokasi Anggaran Rehabilitasi Pasca B...
2026-02-19 06:21:39,738 - INFO - Translating to Thai [71/90]: KAI Commuter: Penumpang Boleh Buka Puasa di KRL saat Ramadan...
2026-02-19 06:21:41,783 - INFO - Translating to Thai [72/90]: Kemenhub: Operator yang Hentikan Penerbangan Perintis di Pap...
2026-02-19 06:21:42,976 - INFO - Translating to Thai [73/90]: DJP Catat 13,9 Juta WP Aktivasi Coretax, Baru 2,9 Juta yang ...
2026-02-19 06:21:44,461 - INFO - Translating to Thai [74/90]: Mendag Blak-blakan Penyebab Harga Minyakita Belum Turun Jela...
2026-02-19 06:21:46,531 - INFO - Translating to Thai [75/90]: 21 Menara Telekomunikasi Bayan Group Hubungkan Wilayah Terpe...
2026-02-19 06:21:47,779 - INFO - Translating to Thai [76/90]: EMAS Mulai Produksi Emas di Tambang Pani, Target Tahun Perta...
2026-02-19 06:21:49,887 - INFO - Translating to Thai [77/90]: Harga Batu Bara Acuan (HBA) Periode Kedua Februari 2026 Komp...
2026-02-19 06:21:51,252 - INFO - Translating to Thai [78/90]: Mendag Akui Harga Minyakita-Telur Ayam Naik Jelang Ramadan 2...
2026-02-19 06:21:52,339 - INFO - Translating to Thai [79/90]: Utang Luar Negeri RI Naik Jadi Rp7.196 Triliun per Kuartal I...
2026-02-19 06:21:54,286 - INFO - Translating to Thai [80/90]: Simak Jadwal Sementara Whoosh Selama Pemindahan Kabel SUTT K...
2026-02-19 06:21:55,528 - INFO - Translating to Thai [81/90]: Kesepakatan Dagang AS-Jepang Mulai Berjalan, Investasi Awal ...
2026-02-19 06:21:57,305 - INFO - Translating to Thai [82/90]: Transformasi Ekonomi Berjalan Pelan, Manufaktur RI Disorot B...
2026-02-19 06:21:58,659 - INFO - Translating to Thai [83/90]: Utilisasi Industri Pemintalan Anjlok, Pembelian Kapas AS Ter...
2026-02-19 06:22:00,336 - INFO - Translating to Thai [84/90]: Harga Pangan Hari Ini 18 Februari: Harga Beras Turun, Daging...
2026-02-19 06:22:02,090 - INFO - Translating to Thai [85/90]: Konstruksi Sekolah Rakyat Tahap II Jateng Dimulai, Ini Sebar...
2026-02-19 06:22:04,231 - INFO - Translating to Thai [86/90]: Sederet Catatan Penting Jelang Finalisasi Tarif Dagang RI-AS...
2026-02-19 06:22:06,213 - INFO - Translating to Thai [87/90]: Ekonomi Riil Melemah, Mobilitas Mudik Lebaran 2026 Diperkira...
2026-02-19 06:22:07,810 - INFO - Translating to Thai [88/90]: Potret Pengeluaran Warga RI: Kelas Atas Masih Dominan, Kelas...
2026-02-19 06:22:09,553 - INFO - Translating to Thai [89/90]: Industri Tekstil RI Menanti 'Tuah' Pertemuan Prabowo–Trump...
2026-02-19 06:22:11,574 - INFO - Translating to Thai [90/90]: Ramalan Pejabat The Fed: Lonjakan Produktivitas AI Dorong Ke...
2026-02-19 06:22:13,316 - INFO - Saved 90 translated articles (th) to news_data_translated_th.json
2026-02-19 06:22:13,317 - INFO - Added 90 Thai translated articles
2026-02-19 06:27:48,299 - INFO - Translation enabled: Indonesian -> English
2026-02-19 06:27:48,300 - INFO - Starting scrape with 1 days back (cutoff: 2026-02-18)
2026-02-19 06:27:48,300 - INFO - Fetching page 1...
2026-02-19 06:27:48,300 - INFO - Fetching: https://www.bisnis.com/index?categoryId=43&page=1
2026-02-19 06:27:49,976 - INFO - Found 30 total articles (30 new) on page 1
2026-02-19 06:27:49,976 - INFO - Fetching page 2...
2026-02-19 06:27:49,976 - INFO - Fetching: https://www.bisnis.com/index?categoryId=43&page=2
2026-02-19 06:27:51,849 - INFO - Found 30 total articles (30 new) on page 2
2026-02-19 06:27:51,849 - INFO - Fetching page 3...
2026-02-19 06:27:51,849 - INFO - Fetching: https://www.bisnis.com/index?categoryId=43&page=3
2026-02-19 06:27:53,650 - INFO - Found 30 total articles (30 new) on page 3
2026-02-19 06:27:53,650 - INFO - All articles on page 3 are older than cutoff, stopping pagination
2026-02-19 06:27:53,650 - INFO - Fetching content for 90 new articles...
2026-02-19 06:27:53,650 - INFO - Fetching content [1/90]: Prabowo Pamer Hemat Anggaran Rp303,14 T di Business Summit U...
2026-02-19 06:27:53,986 - INFO - Fetching content [2/90]: Purbaya Buka-bukaan Alasan Maksimalkan Defisit APBN 2025 hin...
2026-02-19 06:27:54,387 - INFO - Fetching content [3/90]: RI Gandeng AS Bangun Industri Semikonduktor Senilai Rp82,88 ...
2026-02-19 06:27:54,662 - INFO - Fetching content [4/90]: OPINI: Reformasi Hukum Persaingan Usaha...
2026-02-19 06:27:54,941 - INFO - Fetching content [5/90]: Freeport Sepakat Beri Tambahan 12% Saham untuk RI Gratis...
2026-02-19 06:27:55,249 - INFO - Fetching content [6/90]: Freeport-RI Sepakati Perpanjangan Izin Tambang Usai 2041, Ko...
2026-02-19 06:27:55,593 - INFO - Fetching content [7/90]: THR PNS 2026 Segera Cair Awal Ramadan, Ini Besaran dan Atura...
2026-02-19 06:27:55,912 - INFO - Fetching content [8/90]: Pemerintah Mau Eksekusi Paksa Hotel Sultan, Begini Nasib Par...
2026-02-19 06:27:56,231 - INFO - Fetching content [9/90]: BayRun for Charity Lahirkan Solusi Berkelanjutan, 12.400 Jiw...
2026-02-19 06:27:56,455 - INFO - Fetching content [10/90]: Daftar Pengusaha yang Ikut Prabowo ke AS: Bos Pertamina hing...
2026-02-19 06:27:56,755 - INFO - Fetching content [11/90]: Penjelasan Anak Buah Purbaya Imbas Penawaran SUN Turun Berun...
2026-02-19 06:27:57,024 - INFO - Fetching content [12/90]: Nasib Pembiayaan APBN Ketika Surat Utang Pemerintah Sepi Pem...
2026-02-19 06:27:57,362 - INFO - Fetching content [13/90]: Pengusaha Mamin: Butuh Roadmap untuk Lepas dari Ketergantung...
2026-02-19 06:27:57,722 - INFO - Fetching content [14/90]: Prabowo Pamer ke Pengusaha AS: Kami Tak Pernah Gagal Bayar, ...
2026-02-19 06:27:58,065 - INFO - Fetching content [15/90]: Disaksikan Prabowo, Pengusaha Teken 11 MoU Investasi RI-AS R...
2026-02-19 06:27:58,445 - INFO - Fetching content [16/90]: Risalah FOMC The Fed: Waspadai Inflasi, Opsi Kenaikan Suku B...
2026-02-19 06:27:58,733 - INFO - Fetching content [17/90]: Pontjo Sutowo Tolak Serahkan Hotel Sultan, Pemerintah Ajukan...
2026-02-19 06:27:59,006 - INFO - Fetching content [18/90]: Pedagang Pasar Parung Panjang Mengeluh Harga Telur Melambung...
2026-02-19 06:27:59,352 - INFO - Fetching content [19/90]: MRT Perbolehkan Penumpang Berbuka Puasa di Dalam Kereta Sela...
2026-02-19 06:27:59,642 - INFO - Fetching content [20/90]: Airlangga: Prabowo dan Trump Bakal Teken Kesepakatan Tarif D...
2026-02-19 06:27:59,915 - INFO - Fetching content [21/90]: Prabowo: Investasi di MBG Bisa Untung hingga 35 Kali Lipat...
2026-02-19 06:28:00,272 - INFO - Fetching content [22/90]: Sepi Peminat, Jumlah Penawaran Lelang Surat Utang Negara Anj...
2026-02-19 06:28:00,607 - INFO - Fetching content [23/90]: MRT Perluas Jalur Bawah Tanah, Terintegrasi dengan Grand Hya...
2026-02-19 06:28:00,913 - INFO - Fetching content [24/90]: Beda Purbaya dan Para Kades Sikapi 58% Dana Desa untuk Kopde...
2026-02-19 06:28:01,211 - INFO - Fetching content [25/90]: Beda Purbaya dan Pengusaha Menyikapi Penyusutan Utang Valas ...
2026-02-19 06:28:01,506 - INFO - Fetching content [26/90]: Komisi V DPR:  Kemenhub Kekurangan Anggaran Rp20 Triliun...
2026-02-19 06:28:01,899 - INFO - Fetching content [27/90]: Persaingan Broker Properti di Era Digital...
2026-02-19 06:28:02,191 - INFO - Fetching content [28/90]: Seluruh Tempat Hiburan Malam di Makassar Tutup Sementara sel...
2026-02-19 06:28:02,471 - INFO - Fetching content [29/90]: Pengusaha Minta Pemerintah Siapkan Industri Hilir Sebelum Se...
2026-02-19 06:28:02,816 - INFO - Fetching content [30/90]: Usai Bangun 1.368 Huntara, Danantara Segera Groundbreaking H...
2026-02-19 06:28:03,120 - INFO - Fetching content [31/90]: Krakatau Steel (KRAS) Prediksi Kebutuhan Baja untuk Industri...
2026-02-19 06:28:03,401 - INFO - Fetching content [32/90]: Harga Daging dan Telur Ayam Ras Masih Tinggi, Imbas MBG?...
2026-02-19 06:28:03,776 - INFO - Fetching content [33/90]: Bapanas Ungkap Biang Keladi Harga Cabai Rawit Meroket, Sebut...
2026-02-19 06:28:04,094 - INFO - Fetching content [34/90]: Pemerintah Bakal Kucurkan Banpres Rp3 Juta Buat 200.000 UMKM...
2026-02-19 06:28:04,449 - INFO - Fetching content [35/90]: Pengusaha Konveksi Mulai Kebanjiran Pesanan Jelang Lebaran 2...
2026-02-19 06:28:04,753 - INFO - Fetching content [36/90]: Untung Rugi Perminas Garap Logam Tanah Jarang di Gabon...
2026-02-19 06:28:05,101 - INFO - Fetching content [37/90]: DPR Soroti Merpati Airlines Tunggak Pesangon Eks Pegawai Rp2...
2026-02-19 06:28:05,384 - INFO - Fetching content [38/90]: Ekonom Dorong Transformasi Industri Padat Karya untuk Genjot...
2026-02-19 06:28:05,797 - INFO - Fetching content [39/90]: Purbaya Bandingkan Rasio Utang RI dengan Singapura Cs: Kami ...
2026-02-19 06:28:06,092 - INFO - Fetching content [40/90]: Ahli Tambang: Larangan Ekspor Timah Strategis untuk Bangun M...
2026-02-19 06:28:06,369 - INFO - Fetching content [41/90]: Kebut Kopdes Merah Putih, Kemenkop Bakal Sesuaikan Spesifika...
2026-02-19 06:28:06,705 - INFO - Fetching content [42/90]: IMF Usulkan Kerek Tarif PPh, Purbaya: Tarif Tidak Naik, Sebe...
2026-02-19 06:28:07,005 - INFO - Fetching content [43/90]: Ekspansi Dunia Usaha Belum Ngebut, Kadin Harap Danantara Jad...
2026-02-19 06:28:07,286 - INFO - Fetching content [44/90]: BPS: Harga Cabai Rawit Melonjak, Tertinggi Capai Rp200.000 p...
2026-02-19 06:28:07,708 - INFO - Fetching content [45/90]: Respons Purbaya Usai UU APBN Digugat ke MK Karena Anggaran M...
2026-02-19 06:28:08,039 - INFO - Fetching content [46/90]: 58% Dana Desa untuk Kopdes Merah Putih, Purbaya: Hitungan Sa...
2026-02-19 06:28:08,336 - INFO - Fetching content [47/90]: Aliran Gas Bumi di Balik Ornamen Merah dan Derap Perayaan Im...
2026-02-19 06:28:08,677 - INFO - Fetching content [48/90]: 200.000 UMKM Terdampak Bencana Sumatra, Utang Capai Rp12,19 ...
2026-02-19 06:28:09,104 - INFO - Fetching content [49/90]: BPS Catat Harga Minyakita Turun 2,87%, Tapi Masih Lampaui HE...
2026-02-19 06:28:09,427 - INFO - Fetching content [50/90]: Utang Luar Negeri Swasta Susut, Purbaya Bantah Pelaku Usaha ...
2026-02-19 06:28:09,771 - INFO - Fetching content [51/90]: Kabar Baik! Proyek KRL Surabaya Segera Dibangun, Ini Bocoran...
2026-02-19 06:28:10,074 - INFO - Fetching content [52/90]: Bocoran Menteri PU soal Besaran Diskon Tarif Tol Mudik Lebar...
2026-02-19 06:28:10,452 - INFO - Fetching content [53/90]: Menteri PKP Pastikan Program Gentengisasi 100% Pakai Produk ...
2026-02-19 06:28:10,719 - INFO - Fetching content [54/90]: Bank Dunia Soroti Stagnasi Manufaktur RI, Indef: Perkuat Ind...
2026-02-19 06:28:11,030 - INFO - Fetching content [55/90]: Harga CPO Naik, Kemendag Bakal Perbanyak Merek Minyak Goreng...
2026-02-19 06:28:11,306 - INFO - Fetching content [56/90]: Para Kades Ingin Temui Prabowo usai 58% Dana Desa untuk Kopd...
2026-02-19 06:28:11,672 - INFO - Fetching content [57/90]: Serapan Anggaran Kemenhub 2025 Cuma 88%, Ditjen Kereta Palin...
2026-02-19 06:28:11,946 - INFO - Fetching content [58/90]: Tito: Korban Bencana Sumatra Dapat Dana Tunggu Hunian Rp1,8 ...
2026-02-19 06:28:12,250 - INFO - Fetching content [59/90]: Denyut Sektor Properti Melemah, Daya Beli Kelas Menengah Jat...
2026-02-19 06:28:12,649 - INFO - Fetching content [60/90]: Mendag Bantah MBG Bikin Pasokan Telur-Daging Ayam Menipis...
2026-02-19 06:28:12,982 - INFO - Fetching content [61/90]: Purbaya Suntik Dana Tambahan Rp10,65 Triliun untuk Tangani B...
2026-02-19 06:28:13,289 - INFO - Fetching content [62/90]: Jadwal dan Tarif Damri Bekasi – Soekarno Hatta Terbaru 2026...
2026-02-19 06:28:13,608 - INFO - Fetching content [63/90]: Citilink Ubah Ketentuan Bagasi, Berlaku Mulai 1 Maret 2026...
2026-02-19 06:28:13,963 - INFO - Fetching content [64/90]: Bocoran Mendag soal Negosiasi Tarif Trump: Substansi Sudah S...
2026-02-19 06:28:14,306 - INFO - Fetching content [65/90]: Menteri PU Curhat Dana Tanggap Darurat Rp4,3 Triliun Belum D...
2026-02-19 06:28:14,596 - INFO - Fetching content [66/90]: Mendag Ungkap Jurus Stabilkan Harga Telur hingga Minyakita s...
2026-02-19 06:28:14,875 - INFO - Fetching content [67/90]: LRT: Penumpang Boleh Buka Puasa di Kereta hingga Pukul 19.00...
2026-02-19 06:28:15,197 - INFO - Fetching content [68/90]: Berkshire Warren Buffett Jual Saham Teknologi, Beli Media Hi...
2026-02-19 06:28:15,539 - INFO - Fetching content [69/90]: Pemerintah Pastikan Tarif Trump untuk Indonesia 19%, Sawit, ...
2026-02-19 06:28:15,872 - INFO - Fetching content [70/90]: Purbaya ungkap 3 Skema Alokasi Anggaran Rehabilitasi Pasca B...
2026-02-19 06:28:16,234 - INFO - Fetching content [71/90]: KAI Commuter: Penumpang Boleh Buka Puasa di KRL saat Ramadan...
2026-02-19 06:28:16,534 - INFO - Fetching content [72/90]: Kemenhub: Operator yang Hentikan Penerbangan Perintis di Pap...
2026-02-19 06:28:16,816 - INFO - Fetching content [73/90]: DJP Catat 13,9 Juta WP Aktivasi Coretax, Baru 2,9 Juta yang ...
2026-02-19 06:28:17,095 - INFO - Fetching content [74/90]: Mendag Blak-blakan Penyebab Harga Minyakita Belum Turun Jela...
2026-02-19 06:28:17,472 - INFO - Fetching content [75/90]: 21 Menara Telekomunikasi Bayan Group Hubungkan Wilayah Terpe...
2026-02-19 06:28:17,775 - INFO - Fetching content [76/90]: EMAS Mulai Produksi Emas di Tambang Pani, Target Tahun Perta...
2026-02-19 06:28:18,034 - INFO - Fetching content [77/90]: Harga Batu Bara Acuan (HBA) Periode Kedua Februari 2026 Komp...
2026-02-19 06:28:18,290 - INFO - Fetching content [78/90]: Mendag Akui Harga Minyakita-Telur Ayam Naik Jelang Ramadan 2...
2026-02-19 06:28:18,596 - INFO - Fetching content [79/90]: Utang Luar Negeri RI Naik Jadi Rp7.196 Triliun per Kuartal I...
2026-02-19 06:28:18,872 - INFO - Fetching content [80/90]: Simak Jadwal Sementara Whoosh Selama Pemindahan Kabel SUTT K...
2026-02-19 06:28:19,140 - INFO - Fetching content [81/90]: Kesepakatan Dagang AS-Jepang Mulai Berjalan, Investasi Awal ...
2026-02-19 06:28:19,435 - INFO - Fetching content [82/90]: Transformasi Ekonomi Berjalan Pelan, Manufaktur RI Disorot B...
2026-02-19 06:28:19,825 - INFO - Fetching content [83/90]: Utilisasi Industri Pemintalan Anjlok, Pembelian Kapas AS Ter...
2026-02-19 06:28:20,130 - INFO - Fetching content [84/90]: Harga Pangan Hari Ini 18 Februari: Harga Beras Turun, Daging...
2026-02-19 06:28:20,426 - INFO - Fetching content [85/90]: Konstruksi Sekolah Rakyat Tahap II Jateng Dimulai, Ini Sebar...
2026-02-19 06:28:20,738 - INFO - Fetching content [86/90]: Sederet Catatan Penting Jelang Finalisasi Tarif Dagang RI-AS...
2026-02-19 06:28:21,030 - INFO - Fetching content [87/90]: Ekonomi Riil Melemah, Mobilitas Mudik Lebaran 2026 Diperkira...
2026-02-19 06:28:21,365 - INFO - Fetching content [88/90]: Potret Pengeluaran Warga RI: Kelas Atas Masih Dominan, Kelas...
2026-02-19 06:28:21,697 - INFO - Fetching content [89/90]: Industri Tekstil RI Menanti 'Tuah' Pertemuan Prabowo–Trump...
2026-02-19 06:28:22,029 - INFO - Fetching content [90/90]: Ramalan Pejabat The Fed: Lonjakan Produktivitas AI Dorong Ke...
2026-02-19 06:28:22,354 - INFO - Saved 90 articles to news_data.json
2026-02-19 06:28:22,354 - INFO - Added 90 new articles
2026-02-19 06:28:22,354 - INFO - Translating 90 new articles to English...
2026-02-19 06:28:22,354 - INFO - Translating to English [1/90]: Prabowo Pamer Hemat Anggaran Rp303,14 T di Business Summit U...
2026-02-19 06:28:24,224 - INFO - Translating to English [2/90]: Purbaya Buka-bukaan Alasan Maksimalkan Defisit APBN 2025 hin...
2026-02-19 06:28:27,548 - INFO - Translating to English [3/90]: RI Gandeng AS Bangun Industri Semikonduktor Senilai Rp82,88 ...
2026-02-19 06:28:30,312 - INFO - Translating to English [4/90]: OPINI: Reformasi Hukum Persaingan Usaha...
2026-02-19 06:28:33,712 - INFO - Translating to English [5/90]: Freeport Sepakat Beri Tambahan 12% Saham untuk RI Gratis...
2026-02-19 06:28:35,922 - INFO - Translating to English [6/90]: Freeport-RI Sepakati Perpanjangan Izin Tambang Usai 2041, Ko...
2026-02-19 06:28:37,804 - INFO - Translating to English [7/90]: THR PNS 2026 Segera Cair Awal Ramadan, Ini Besaran dan Atura...
2026-02-19 06:28:40,263 - INFO - Translating to English [8/90]: Pemerintah Mau Eksekusi Paksa Hotel Sultan, Begini Nasib Par...
2026-02-19 06:28:41,736 - INFO - Translating to English [9/90]: BayRun for Charity Lahirkan Solusi Berkelanjutan, 12.400 Jiw...
2026-02-19 06:28:43,718 - INFO - Translating to English [10/90]: Daftar Pengusaha yang Ikut Prabowo ke AS: Bos Pertamina hing...
2026-02-19 06:28:45,450 - INFO - Translating to English [11/90]: Penjelasan Anak Buah Purbaya Imbas Penawaran SUN Turun Berun...
2026-02-19 06:28:47,766 - INFO - Translating to English [12/90]: Nasib Pembiayaan APBN Ketika Surat Utang Pemerintah Sepi Pem...
2026-02-19 06:28:50,511 - INFO - Translating to English [13/90]: Pengusaha Mamin: Butuh Roadmap untuk Lepas dari Ketergantung...
2026-02-19 06:28:52,296 - INFO - Translating to English [14/90]: Prabowo Pamer ke Pengusaha AS: Kami Tak Pernah Gagal Bayar, ...
2026-02-19 06:28:53,804 - INFO - Translating to English [15/90]: Disaksikan Prabowo, Pengusaha Teken 11 MoU Investasi RI-AS R...
2026-02-19 06:28:55,858 - INFO - Translating to English [16/90]: Risalah FOMC The Fed: Waspadai Inflasi, Opsi Kenaikan Suku B...
2026-02-19 06:29:00,303 - INFO - Translating to English [17/90]: Pontjo Sutowo Tolak Serahkan Hotel Sultan, Pemerintah Ajukan...
2026-02-19 06:29:02,238 - INFO - Translating to English [18/90]: Pedagang Pasar Parung Panjang Mengeluh Harga Telur Melambung...
2026-02-19 06:29:04,333 - INFO - Translating to English [19/90]: MRT Perbolehkan Penumpang Berbuka Puasa di Dalam Kereta Sela...
2026-02-19 06:29:08,720 - INFO - Translating to English [20/90]: Airlangga: Prabowo dan Trump Bakal Teken Kesepakatan Tarif D...
2026-02-19 06:29:11,093 - INFO - Translating to English [21/90]: Prabowo: Investasi di MBG Bisa Untung hingga 35 Kali Lipat...
2026-02-19 06:29:12,484 - INFO - Translating to English [22/90]: Sepi Peminat, Jumlah Penawaran Lelang Surat Utang Negara Anj...
2026-02-19 06:29:13,888 - INFO - Translating to English [23/90]: MRT Perluas Jalur Bawah Tanah, Terintegrasi dengan Grand Hya...
2026-02-19 06:29:15,850 - INFO - Translating to English [24/90]: Beda Purbaya dan Para Kades Sikapi 58% Dana Desa untuk Kopde...
2026-02-19 06:29:18,861 - INFO - Translating to English [25/90]: Beda Purbaya dan Pengusaha Menyikapi Penyusutan Utang Valas ...
2026-02-19 06:29:20,849 - INFO - Translating to English [26/90]: Komisi V DPR:  Kemenhub Kekurangan Anggaran Rp20 Triliun...
2026-02-19 06:29:22,555 - INFO - Translating to English [27/90]: Persaingan Broker Properti di Era Digital...
2026-02-19 06:29:25,141 - INFO - Translating to English [28/90]: Seluruh Tempat Hiburan Malam di Makassar Tutup Sementara sel...
2026-02-19 06:29:26,934 - INFO - Translating to English [29/90]: Pengusaha Minta Pemerintah Siapkan Industri Hilir Sebelum Se...
2026-02-19 06:29:28,750 - INFO - Translating to English [30/90]: Usai Bangun 1.368 Huntara, Danantara Segera Groundbreaking H...
2026-02-19 06:29:31,417 - INFO - Translating to English [31/90]: Krakatau Steel (KRAS) Prediksi Kebutuhan Baja untuk Industri...
2026-02-19 06:29:33,349 - INFO - Translating to English [32/90]: Harga Daging dan Telur Ayam Ras Masih Tinggi, Imbas MBG?...
2026-02-19 06:29:35,214 - INFO - Translating to English [33/90]: Bapanas Ungkap Biang Keladi Harga Cabai Rawit Meroket, Sebut...
2026-02-19 06:29:37,513 - INFO - Translating to English [34/90]: Pemerintah Bakal Kucurkan Banpres Rp3 Juta Buat 200.000 UMKM...
2026-02-19 06:29:39,866 - INFO - Translating to English [35/90]: Pengusaha Konveksi Mulai Kebanjiran Pesanan Jelang Lebaran 2...
2026-02-19 06:29:41,789 - INFO - Translating to English [36/90]: Untung Rugi Perminas Garap Logam Tanah Jarang di Gabon...
2026-02-19 06:29:43,696 - INFO - Translating to English [37/90]: DPR Soroti Merpati Airlines Tunggak Pesangon Eks Pegawai Rp2...
2026-02-19 06:29:45,972 - INFO - Translating to English [38/90]: Ekonom Dorong Transformasi Industri Padat Karya untuk Genjot...
2026-02-19 06:29:48,020 - INFO - Translating to English [39/90]: Purbaya Bandingkan Rasio Utang RI dengan Singapura Cs: Kami ...
2026-02-19 06:29:49,991 - INFO - Translating to English [40/90]: Ahli Tambang: Larangan Ekspor Timah Strategis untuk Bangun M...
2026-02-19 06:29:51,046 - INFO - Translating to English [41/90]: Kebut Kopdes Merah Putih, Kemenkop Bakal Sesuaikan Spesifika...
2026-02-19 06:29:52,824 - INFO - Translating to English [42/90]: IMF Usulkan Kerek Tarif PPh, Purbaya: Tarif Tidak Naik, Sebe...
2026-02-19 06:29:55,084 - INFO - Translating to English [43/90]: Ekspansi Dunia Usaha Belum Ngebut, Kadin Harap Danantara Jad...
2026-02-19 06:29:56,498 - INFO - Translating to English [44/90]: BPS: Harga Cabai Rawit Melonjak, Tertinggi Capai Rp200.000 p...
2026-02-19 06:29:58,763 - INFO - Translating to English [45/90]: Respons Purbaya Usai UU APBN Digugat ke MK Karena Anggaran M...
2026-02-19 06:30:00,410 - INFO - Translating to English [46/90]: 58% Dana Desa untuk Kopdes Merah Putih, Purbaya: Hitungan Sa...
2026-02-19 06:30:02,222 - INFO - Translating to English [47/90]: Aliran Gas Bumi di Balik Ornamen Merah dan Derap Perayaan Im...
2026-02-19 06:30:04,464 - INFO - Translating to English [48/90]: 200.000 UMKM Terdampak Bencana Sumatra, Utang Capai Rp12,19 ...
2026-02-19 06:30:06,359 - INFO - Translating to English [49/90]: BPS Catat Harga Minyakita Turun 2,87%, Tapi Masih Lampaui HE...
2026-02-19 06:30:08,093 - INFO - Translating to English [50/90]: Utang Luar Negeri Swasta Susut, Purbaya Bantah Pelaku Usaha ...
2026-02-19 06:30:09,411 - INFO - Translating to English [51/90]: Kabar Baik! Proyek KRL Surabaya Segera Dibangun, Ini Bocoran...
2026-02-19 06:30:12,164 - INFO - Translating to English [52/90]: Bocoran Menteri PU soal Besaran Diskon Tarif Tol Mudik Lebar...
2026-02-19 06:30:14,420 - INFO - Translating to English [53/90]: Menteri PKP Pastikan Program Gentengisasi 100% Pakai Produk ...
2026-02-19 06:30:16,095 - INFO - Translating to English [54/90]: Bank Dunia Soroti Stagnasi Manufaktur RI, Indef: Perkuat Ind...
2026-02-19 06:30:17,904 - INFO - Translating to English [55/90]: Harga CPO Naik, Kemendag Bakal Perbanyak Merek Minyak Goreng...
2026-02-19 06:30:19,331 - INFO - Translating to English [56/90]: Para Kades Ingin Temui Prabowo usai 58% Dana Desa untuk Kopd...
2026-02-19 06:30:21,458 - INFO - Translating to English [57/90]: Serapan Anggaran Kemenhub 2025 Cuma 88%, Ditjen Kereta Palin...
2026-02-19 06:30:23,185 - INFO - Translating to English [58/90]: Tito: Korban Bencana Sumatra Dapat Dana Tunggu Hunian Rp1,8 ...
2026-02-19 06:30:24,537 - INFO - Translating to English [59/90]: Denyut Sektor Properti Melemah, Daya Beli Kelas Menengah Jat...
2026-02-19 06:30:26,360 - INFO - Translating to English [60/90]: Mendag Bantah MBG Bikin Pasokan Telur-Daging Ayam Menipis...
2026-02-19 06:30:28,629 - INFO - Translating to English [61/90]: Purbaya Suntik Dana Tambahan Rp10,65 Triliun untuk Tangani B...
2026-02-19 06:30:29,810 - INFO - Translating to English [62/90]: Jadwal dan Tarif Damri Bekasi – Soekarno Hatta Terbaru 2026...
2026-02-19 06:30:31,447 - INFO - Translating to English [63/90]: Citilink Ubah Ketentuan Bagasi, Berlaku Mulai 1 Maret 2026...
2026-02-19 06:30:33,579 - INFO - Translating to English [64/90]: Bocoran Mendag soal Negosiasi Tarif Trump: Substansi Sudah S...
2026-02-19 06:30:36,032 - INFO - Translating to English [65/90]: Menteri PU Curhat Dana Tanggap Darurat Rp4,3 Triliun Belum D...
2026-02-19 06:30:37,638 - INFO - Translating to English [66/90]: Mendag Ungkap Jurus Stabilkan Harga Telur hingga Minyakita s...
2026-02-19 06:30:39,196 - INFO - Translating to English [67/90]: LRT: Penumpang Boleh Buka Puasa di Kereta hingga Pukul 19.00...
2026-02-19 06:30:41,209 - INFO - Translating to English [68/90]: Berkshire Warren Buffett Jual Saham Teknologi, Beli Media Hi...
2026-02-19 06:30:45,539 - INFO - Translating to English [69/90]: Pemerintah Pastikan Tarif Trump untuk Indonesia 19%, Sawit, ...
2026-02-19 06:30:48,201 - INFO - Translating to English [70/90]: Purbaya ungkap 3 Skema Alokasi Anggaran Rehabilitasi Pasca B...
2026-02-19 06:30:49,548 - INFO - Translating to English [71/90]: KAI Commuter: Penumpang Boleh Buka Puasa di KRL saat Ramadan...
2026-02-19 06:30:51,289 - INFO - Translating to English [72/90]: Kemenhub: Operator yang Hentikan Penerbangan Perintis di Pap...
2026-02-19 06:30:53,844 - INFO - Translating to English [73/90]: DJP Catat 13,9 Juta WP Aktivasi Coretax, Baru 2,9 Juta yang ...
2026-02-19 06:30:56,149 - INFO - Translating to English [74/90]: Mendag Blak-blakan Penyebab Harga Minyakita Belum Turun Jela...
2026-02-19 06:30:57,847 - INFO - Translating to English [75/90]: 21 Menara Telekomunikasi Bayan Group Hubungkan Wilayah Terpe...
2026-02-19 06:31:00,821 - INFO - Translating to English [76/90]: EMAS Mulai Produksi Emas di Tambang Pani, Target Tahun Perta...
2026-02-19 06:31:02,444 - INFO - Translating to English [77/90]: Harga Batu Bara Acuan (HBA) Periode Kedua Februari 2026 Komp...
2026-02-19 06:31:04,872 - INFO - Translating to English [78/90]: Mendag Akui Harga Minyakita-Telur Ayam Naik Jelang Ramadan 2...
2026-02-19 06:31:06,307 - INFO - Translating to English [79/90]: Utang Luar Negeri RI Naik Jadi Rp7.196 Triliun per Kuartal I...
2026-02-19 06:31:08,251 - INFO - Translating to English [80/90]: Simak Jadwal Sementara Whoosh Selama Pemindahan Kabel SUTT K...
2026-02-19 06:31:10,090 - INFO - Translating to English [81/90]: Kesepakatan Dagang AS-Jepang Mulai Berjalan, Investasi Awal ...
2026-02-19 06:31:13,129 - INFO - Translating to English [82/90]: Transformasi Ekonomi Berjalan Pelan, Manufaktur RI Disorot B...
2026-02-19 06:31:16,898 - INFO - Translating to English [83/90]: Utilisasi Industri Pemintalan Anjlok, Pembelian Kapas AS Ter...
2026-02-19 06:31:18,721 - INFO - Translating to English [84/90]: Harga Pangan Hari Ini 18 Februari: Harga Beras Turun, Daging...
2026-02-19 06:31:20,178 - INFO - Translating to English [85/90]: Konstruksi Sekolah Rakyat Tahap II Jateng Dimulai, Ini Sebar...
2026-02-19 06:31:22,274 - INFO - Translating to English [86/90]: Sederet Catatan Penting Jelang Finalisasi Tarif Dagang RI-AS...
2026-02-19 06:31:26,178 - INFO - Translating to English [87/90]: Ekonomi Riil Melemah, Mobilitas Mudik Lebaran 2026 Diperkira...
2026-02-19 06:31:28,100 - INFO - Translating to English [88/90]: Potret Pengeluaran Warga RI: Kelas Atas Masih Dominan, Kelas...
2026-02-19 06:31:31,231 - INFO - Translating to English [89/90]: Industri Tekstil RI Menanti 'Tuah' Pertemuan Prabowo–Trump...
2026-02-19 06:31:34,173 - INFO - Translating to English [90/90]: Ramalan Pejabat The Fed: Lonjakan Produktivitas AI Dorong Ke...
2026-02-19 06:31:37,105 - INFO - Saved 90 translated articles (en) to news_data_translated_en.json
2026-02-19 06:31:37,105 - INFO - Added 90 English translated articles
2026-02-19 06:33:25,058 - INFO - Translation enabled: Indonesian -> English
2026-02-19 06:33:25,059 - INFO - Translation enabled: Indonesian -> Thai
2026-02-19 06:33:25,059 - INFO - Starting scrape with 1 days back (cutoff: 2026-02-18)
2026-02-19 06:33:25,059 - INFO - Fetching page 1...
2026-02-19 06:33:25,059 - INFO - Fetching: https://www.bisnis.com/index?categoryId=43&page=1
2026-02-19 06:33:26,881 - INFO - Found 30 total articles (30 new) on page 1
2026-02-19 06:33:26,881 - INFO - Fetching page 2...
2026-02-19 06:33:26,881 - INFO - Fetching: https://www.bisnis.com/index?categoryId=43&page=2
2026-02-19 06:33:28,707 - INFO - Found 30 total articles (30 new) on page 2
2026-02-19 06:33:28,707 - INFO - Fetching page 3...
2026-02-19 06:33:28,707 - INFO - Fetching: https://www.bisnis.com/index?categoryId=43&page=3
2026-02-19 06:33:30,576 - INFO - Found 30 total articles (30 new) on page 3
2026-02-19 06:33:30,576 - INFO - All articles on page 3 are older than cutoff, stopping pagination
2026-02-19 06:33:30,576 - INFO - Fetching content for 90 new articles...
2026-02-19 06:33:30,576 - INFO - Fetching content [1/90]: Isu Perang AS-Iran Bayangi Pasokan, Harga Minyak Global Meng...
2026-02-19 06:33:30,946 - INFO - Fetching content [2/90]: Prabowo Pamer Hemat Anggaran Rp303,14 T di Business Summit U...
2026-02-19 06:33:31,283 - INFO - Fetching content [3/90]: Purbaya Buka-bukaan Alasan Maksimalkan Defisit APBN 2025 hin...
2026-02-19 06:33:31,621 - INFO - Fetching content [4/90]: RI Gandeng AS Bangun Industri Semikonduktor Senilai Rp82,88 ...
2026-02-19 06:33:31,922 - INFO - Fetching content [5/90]: OPINI: Reformasi Hukum Persaingan Usaha...
2026-02-19 06:33:32,213 - INFO - Fetching content [6/90]: Freeport Sepakat Beri Tambahan 12% Saham untuk RI Gratis...
2026-02-19 06:33:32,537 - INFO - Fetching content [7/90]: Freeport-RI Sepakati Perpanjangan Izin Tambang Usai 2041, Ko...
2026-02-19 06:33:32,860 - INFO - Fetching content [8/90]: THR PNS 2026 Segera Cair Awal Ramadan, Ini Besaran dan Atura...
2026-02-19 06:33:33,185 - INFO - Fetching content [9/90]: Pemerintah Mau Eksekusi Paksa Hotel Sultan, Begini Nasib Par...
2026-02-19 06:33:33,452 - INFO - Fetching content [10/90]: BayRun for Charity Lahirkan Solusi Berkelanjutan, 12.400 Jiw...
2026-02-19 06:33:33,729 - INFO - Fetching content [11/90]: Daftar Pengusaha yang Ikut Prabowo ke AS: Bos Pertamina hing...
2026-02-19 06:33:34,087 - INFO - Fetching content [12/90]: Penjelasan Anak Buah Purbaya Imbas Penawaran SUN Turun Berun...
2026-02-19 06:33:34,384 - INFO - Fetching content [13/90]: Nasib Pembiayaan APBN Ketika Surat Utang Pemerintah Sepi Pem...
2026-02-19 06:33:34,771 - INFO - Fetching content [14/90]: Pengusaha Mamin: Butuh Roadmap untuk Lepas dari Ketergantung...
2026-02-19 06:33:35,114 - INFO - Fetching content [15/90]: Prabowo Pamer ke Pengusaha AS: Kami Tak Pernah Gagal Bayar, ...
2026-02-19 06:33:35,408 - INFO - Fetching content [16/90]: Disaksikan Prabowo, Pengusaha Teken 11 MoU Investasi RI-AS R...
2026-02-19 06:33:35,727 - INFO - Fetching content [17/90]: Risalah FOMC The Fed: Waspadai Inflasi, Opsi Kenaikan Suku B...
2026-02-19 06:33:36,049 - INFO - Fetching content [18/90]: Pontjo Sutowo Tolak Serahkan Hotel Sultan, Pemerintah Ajukan...
2026-02-19 06:33:36,435 - INFO - Fetching content [19/90]: Pedagang Pasar Parung Panjang Mengeluh Harga Telur Melambung...
2026-02-19 06:33:36,754 - INFO - Fetching content [20/90]: MRT Perbolehkan Penumpang Berbuka Puasa di Dalam Kereta Sela...
2026-02-19 06:33:37,070 - INFO - Fetching content [21/90]: Airlangga: Prabowo dan Trump Bakal Teken Kesepakatan Tarif D...
2026-02-19 06:33:37,402 - INFO - Fetching content [22/90]: Prabowo: Investasi di MBG Bisa Untung hingga 35 Kali Lipat...
2026-02-19 06:33:37,793 - INFO - Fetching content [23/90]: Sepi Peminat, Jumlah Penawaran Lelang Surat Utang Negara Anj...
2026-02-19 06:33:38,114 - INFO - Fetching content [24/90]: MRT Perluas Jalur Bawah Tanah, Terintegrasi dengan Grand Hya...
2026-02-19 06:33:38,457 - INFO - Fetching content [25/90]: Beda Purbaya dan Para Kades Sikapi 58% Dana Desa untuk Kopde...
2026-02-19 06:33:38,753 - INFO - Fetching content [26/90]: Beda Purbaya dan Pengusaha Menyikapi Penyusutan Utang Valas ...
2026-02-19 06:33:39,057 - INFO - Fetching content [27/90]: Komisi V DPR:  Kemenhub Kekurangan Anggaran Rp20 Triliun...
2026-02-19 06:33:39,375 - INFO - Fetching content [28/90]: Persaingan Broker Properti di Era Digital...
2026-02-19 06:33:39,692 - INFO - Fetching content [29/90]: Seluruh Tempat Hiburan Malam di Makassar Tutup Sementara sel...
2026-02-19 06:33:40,057 - INFO - Fetching content [30/90]: Pengusaha Minta Pemerintah Siapkan Industri Hilir Sebelum Se...
2026-02-19 06:33:40,384 - INFO - Fetching content [31/90]: Usai Bangun 1.368 Huntara, Danantara Segera Groundbreaking H...
2026-02-19 06:33:40,702 - INFO - Fetching content [32/90]: Krakatau Steel (KRAS) Prediksi Kebutuhan Baja untuk Industri...
2026-02-19 06:33:41,048 - INFO - Fetching content [33/90]: Harga Daging dan Telur Ayam Ras Masih Tinggi, Imbas MBG?...
2026-02-19 06:33:41,395 - INFO - Fetching content [34/90]: Bapanas Ungkap Biang Keladi Harga Cabai Rawit Meroket, Sebut...
2026-02-19 06:33:41,685 - INFO - Fetching content [35/90]: Pemerintah Bakal Kucurkan Banpres Rp3 Juta Buat 200.000 UMKM...
2026-02-19 06:33:42,017 - INFO - Fetching content [36/90]: Pengusaha Konveksi Mulai Kebanjiran Pesanan Jelang Lebaran 2...
2026-02-19 06:33:42,341 - INFO - Fetching content [37/90]: Untung Rugi Perminas Garap Logam Tanah Jarang di Gabon...
2026-02-19 06:33:42,638 - INFO - Fetching content [38/90]: DPR Soroti Merpati Airlines Tunggak Pesangon Eks Pegawai Rp2...
2026-02-19 06:33:42,971 - INFO - Fetching content [39/90]: Ekonom Dorong Transformasi Industri Padat Karya untuk Genjot...
2026-02-19 06:33:43,277 - INFO - Fetching content [40/90]: Purbaya Bandingkan Rasio Utang RI dengan Singapura Cs: Kami ...
2026-02-19 06:33:43,603 - INFO - Fetching content [41/90]: Ahli Tambang: Larangan Ekspor Timah Strategis untuk Bangun M...
2026-02-19 06:33:43,930 - INFO - Fetching content [42/90]: Kebut Kopdes Merah Putih, Kemenkop Bakal Sesuaikan Spesifika...
2026-02-19 06:33:44,261 - INFO - Fetching content [43/90]: IMF Usulkan Kerek Tarif PPh, Purbaya: Tarif Tidak Naik, Sebe...
2026-02-19 06:33:44,725 - INFO - Fetching content [44/90]: Ekspansi Dunia Usaha Belum Ngebut, Kadin Harap Danantara Jad...
2026-02-19 06:33:45,008 - INFO - Fetching content [45/90]: BPS: Harga Cabai Rawit Melonjak, Tertinggi Capai Rp200.000 p...
2026-02-19 06:33:45,345 - INFO - Fetching content [46/90]: Respons Purbaya Usai UU APBN Digugat ke MK Karena Anggaran M...
2026-02-19 06:33:45,768 - INFO - Fetching content [47/90]: 58% Dana Desa untuk Kopdes Merah Putih, Purbaya: Hitungan Sa...
2026-02-19 06:33:46,157 - INFO - Fetching content [48/90]: Aliran Gas Bumi di Balik Ornamen Merah dan Derap Perayaan Im...
2026-02-19 06:33:46,456 - INFO - Fetching content [49/90]: 200.000 UMKM Terdampak Bencana Sumatra, Utang Capai Rp12,19 ...
2026-02-19 06:33:46,906 - INFO - Fetching content [50/90]: BPS Catat Harga Minyakita Turun 2,87%, Tapi Masih Lampaui HE...
2026-02-19 06:33:47,260 - INFO - Fetching content [51/90]: Utang Luar Negeri Swasta Susut, Purbaya Bantah Pelaku Usaha ...
2026-02-19 06:33:47,560 - INFO - Fetching content [52/90]: Kabar Baik! Proyek KRL Surabaya Segera Dibangun, Ini Bocoran...
2026-02-19 06:33:47,836 - INFO - Fetching content [53/90]: Bocoran Menteri PU soal Besaran Diskon Tarif Tol Mudik Lebar...
2026-02-19 06:33:48,180 - INFO - Fetching content [54/90]: Menteri PKP Pastikan Program Gentengisasi 100% Pakai Produk ...
2026-02-19 06:33:48,469 - INFO - Fetching content [55/90]: Bank Dunia Soroti Stagnasi Manufaktur RI, Indef: Perkuat Ind...
2026-02-19 06:33:48,847 - INFO - Fetching content [56/90]: Harga CPO Naik, Kemendag Bakal Perbanyak Merek Minyak Goreng...
2026-02-19 06:33:49,154 - INFO - Fetching content [57/90]: Para Kades Ingin Temui Prabowo usai 58% Dana Desa untuk Kopd...
2026-02-19 06:33:49,467 - INFO - Fetching content [58/90]: Serapan Anggaran Kemenhub 2025 Cuma 88%, Ditjen Kereta Palin...
2026-02-19 06:33:49,756 - INFO - Fetching content [59/90]: Tito: Korban Bencana Sumatra Dapat Dana Tunggu Hunian Rp1,8 ...
2026-02-19 06:33:50,276 - INFO - Fetching content [60/90]: Denyut Sektor Properti Melemah, Daya Beli Kelas Menengah Jat...
2026-02-19 06:33:50,628 - INFO - Fetching content [61/90]: Mendag Bantah MBG Bikin Pasokan Telur-Daging Ayam Menipis...
2026-02-19 06:33:50,917 - INFO - Fetching content [62/90]: Purbaya Suntik Dana Tambahan Rp10,65 Triliun untuk Tangani B...
2026-02-19 06:33:51,210 - INFO - Fetching content [63/90]: Jadwal dan Tarif Damri Bekasi – Soekarno Hatta Terbaru 2026...
2026-02-19 06:33:51,550 - INFO - Fetching content [64/90]: Citilink Ubah Ketentuan Bagasi, Berlaku Mulai 1 Maret 2026...
2026-02-19 06:33:51,847 - INFO - Fetching content [65/90]: Bocoran Mendag soal Negosiasi Tarif Trump: Substansi Sudah S...
2026-02-19 06:33:52,213 - INFO - Fetching content [66/90]: Menteri PU Curhat Dana Tanggap Darurat Rp4,3 Triliun Belum D...
2026-02-19 06:33:52,550 - INFO - Fetching content [67/90]: Mendag Ungkap Jurus Stabilkan Harga Telur hingga Minyakita s...
2026-02-19 06:33:52,815 - INFO - Fetching content [68/90]: LRT: Penumpang Boleh Buka Puasa di Kereta hingga Pukul 19.00...
2026-02-19 06:33:53,125 - INFO - Fetching content [69/90]: Berkshire Warren Buffett Jual Saham Teknologi, Beli Media Hi...
2026-02-19 06:33:53,391 - INFO - Fetching content [70/90]: Pemerintah Pastikan Tarif Trump untuk Indonesia 19%, Sawit, ...
2026-02-19 06:33:53,775 - INFO - Fetching content [71/90]: Purbaya ungkap 3 Skema Alokasi Anggaran Rehabilitasi Pasca B...
2026-02-19 06:33:54,124 - INFO - Fetching content [72/90]: KAI Commuter: Penumpang Boleh Buka Puasa di KRL saat Ramadan...
2026-02-19 06:33:54,474 - INFO - Fetching content [73/90]: Kemenhub: Operator yang Hentikan Penerbangan Perintis di Pap...
2026-02-19 06:33:54,803 - INFO - Fetching content [74/90]: DJP Catat 13,9 Juta WP Aktivasi Coretax, Baru 2,9 Juta yang ...
2026-02-19 06:33:55,103 - INFO - Fetching content [75/90]: Mendag Blak-blakan Penyebab Harga Minyakita Belum Turun Jela...
2026-02-19 06:33:55,456 - INFO - Fetching content [76/90]: 21 Menara Telekomunikasi Bayan Group Hubungkan Wilayah Terpe...
2026-02-19 06:33:55,776 - INFO - Fetching content [77/90]: EMAS Mulai Produksi Emas di Tambang Pani, Target Tahun Perta...
2026-02-19 06:33:56,116 - INFO - Fetching content [78/90]: Harga Batu Bara Acuan (HBA) Periode Kedua Februari 2026 Komp...
2026-02-19 06:33:56,388 - INFO - Fetching content [79/90]: Mendag Akui Harga Minyakita-Telur Ayam Naik Jelang Ramadan 2...
2026-02-19 06:33:56,697 - INFO - Fetching content [80/90]: Utang Luar Negeri RI Naik Jadi Rp7.196 Triliun per Kuartal I...
2026-02-19 06:33:56,984 - INFO - Fetching content [81/90]: Simak Jadwal Sementara Whoosh Selama Pemindahan Kabel SUTT K...
2026-02-19 06:33:57,274 - INFO - Fetching content [82/90]: Kesepakatan Dagang AS-Jepang Mulai Berjalan, Investasi Awal ...
2026-02-19 06:33:57,645 - INFO - Fetching content [83/90]: Transformasi Ekonomi Berjalan Pelan, Manufaktur RI Disorot B...
2026-02-19 06:33:57,990 - INFO - Fetching content [84/90]: Utilisasi Industri Pemintalan Anjlok, Pembelian Kapas AS Ter...
2026-02-19 06:33:58,279 - INFO - Fetching content [85/90]: Harga Pangan Hari Ini 18 Februari: Harga Beras Turun, Daging...
2026-02-19 06:33:58,623 - INFO - Fetching content [86/90]: Konstruksi Sekolah Rakyat Tahap II Jateng Dimulai, Ini Sebar...
2026-02-19 06:33:58,914 - INFO - Fetching content [87/90]: Sederet Catatan Penting Jelang Finalisasi Tarif Dagang RI-AS...
2026-02-19 06:33:59,214 - INFO - Fetching content [88/90]: Ekonomi Riil Melemah, Mobilitas Mudik Lebaran 2026 Diperkira...
2026-02-19 06:33:59,512 - INFO - Fetching content [89/90]: Potret Pengeluaran Warga RI: Kelas Atas Masih Dominan, Kelas...
2026-02-19 06:33:59,842 - INFO - Fetching content [90/90]: Industri Tekstil RI Menanti 'Tuah' Pertemuan Prabowo–Trump...
2026-02-19 06:34:00,220 - INFO - Saved 90 articles to news_data.json
2026-02-19 06:34:00,220 - INFO - Added 90 new articles
2026-02-19 06:34:00,220 - INFO - Translating 90 new articles to English...
2026-02-19 06:34:00,220 - INFO - Translating to English [1/90]: Isu Perang AS-Iran Bayangi Pasokan, Harga Minyak Global Meng...
2026-02-19 06:34:03,461 - INFO - Translating to English [2/90]: Prabowo Pamer Hemat Anggaran Rp303,14 T di Business Summit U...
2026-02-19 06:34:04,486 - INFO - Translating to English [3/90]: Purbaya Buka-bukaan Alasan Maksimalkan Defisit APBN 2025 hin...
2026-02-19 06:34:05,701 - INFO - Translating to English [4/90]: RI Gandeng AS Bangun Industri Semikonduktor Senilai Rp82,88 ...
2026-02-19 06:34:07,023 - INFO - Translating to English [5/90]: OPINI: Reformasi Hukum Persaingan Usaha...
2026-02-19 06:34:08,127 - INFO - Translating to English [6/90]: Freeport Sepakat Beri Tambahan 12% Saham untuk RI Gratis...
2026-02-19 06:34:09,033 - INFO - Translating to English [7/90]: Freeport-RI Sepakati Perpanjangan Izin Tambang Usai 2041, Ko...
2026-02-19 06:34:10,843 - INFO - Translating to English [8/90]: THR PNS 2026 Segera Cair Awal Ramadan, Ini Besaran dan Atura...
2026-02-19 06:34:11,805 - INFO - Translating to English [9/90]: Pemerintah Mau Eksekusi Paksa Hotel Sultan, Begini Nasib Par...
2026-02-19 06:34:12,807 - INFO - Translating to English [10/90]: BayRun for Charity Lahirkan Solusi Berkelanjutan, 12.400 Jiw...
2026-02-19 06:34:13,822 - INFO - Translating to English [11/90]: Daftar Pengusaha yang Ikut Prabowo ke AS: Bos Pertamina hing...
2026-02-19 06:34:14,871 - INFO - Translating to English [12/90]: Penjelasan Anak Buah Purbaya Imbas Penawaran SUN Turun Berun...
2026-02-19 06:34:15,862 - INFO - Translating to English [13/90]: Nasib Pembiayaan APBN Ketika Surat Utang Pemerintah Sepi Pem...
2026-02-19 06:34:17,313 - INFO - Translating to English [14/90]: Pengusaha Mamin: Butuh Roadmap untuk Lepas dari Ketergantung...
2026-02-19 06:34:18,394 - INFO - Translating to English [15/90]: Prabowo Pamer ke Pengusaha AS: Kami Tak Pernah Gagal Bayar, ...
2026-02-19 06:34:19,330 - INFO - Translating to English [16/90]: Disaksikan Prabowo, Pengusaha Teken 11 MoU Investasi RI-AS R...
2026-02-19 06:34:20,608 - INFO - Translating to English [17/90]: Risalah FOMC The Fed: Waspadai Inflasi, Opsi Kenaikan Suku B...
2026-02-19 06:34:21,991 - INFO - Translating to English [18/90]: Pontjo Sutowo Tolak Serahkan Hotel Sultan, Pemerintah Ajukan...
2026-02-19 06:34:23,412 - INFO - Translating to English [19/90]: Pedagang Pasar Parung Panjang Mengeluh Harga Telur Melambung...
2026-02-19 06:34:25,161 - INFO - Translating to English [20/90]: MRT Perbolehkan Penumpang Berbuka Puasa di Dalam Kereta Sela...
2026-02-19 06:34:26,952 - INFO - Translating to English [21/90]: Airlangga: Prabowo dan Trump Bakal Teken Kesepakatan Tarif D...
2026-02-19 06:34:27,870 - INFO - Translating to English [22/90]: Prabowo: Investasi di MBG Bisa Untung hingga 35 Kali Lipat...
2026-02-19 06:34:28,909 - INFO - Translating to English [23/90]: Sepi Peminat, Jumlah Penawaran Lelang Surat Utang Negara Anj...
2026-02-19 06:34:29,964 - INFO - Translating to English [24/90]: MRT Perluas Jalur Bawah Tanah, Terintegrasi dengan Grand Hya...
2026-02-19 06:34:30,924 - INFO - Translating to English [25/90]: Beda Purbaya dan Para Kades Sikapi 58% Dana Desa untuk Kopde...
2026-02-19 06:34:32,707 - INFO - Translating to English [26/90]: Beda Purbaya dan Pengusaha Menyikapi Penyusutan Utang Valas ...
2026-02-19 06:34:33,667 - INFO - Translating to English [27/90]: Komisi V DPR:  Kemenhub Kekurangan Anggaran Rp20 Triliun...
2026-02-19 06:34:34,700 - INFO - Translating to English [28/90]: Persaingan Broker Properti di Era Digital...
2026-02-19 06:34:36,130 - INFO - Translating to English [29/90]: Seluruh Tempat Hiburan Malam di Makassar Tutup Sementara sel...
2026-02-19 06:34:37,828 - INFO - Translating to English [30/90]: Pengusaha Minta Pemerintah Siapkan Industri Hilir Sebelum Se...
2026-02-19 06:34:38,817 - INFO - Translating to English [31/90]: Usai Bangun 1.368 Huntara, Danantara Segera Groundbreaking H...
2026-02-19 06:34:39,808 - INFO - Translating to English [32/90]: Krakatau Steel (KRAS) Prediksi Kebutuhan Baja untuk Industri...
2026-02-19 06:34:40,829 - INFO - Translating to English [33/90]: Harga Daging dan Telur Ayam Ras Masih Tinggi, Imbas MBG?...
2026-02-19 06:34:42,250 - INFO - Translating to English [34/90]: Bapanas Ungkap Biang Keladi Harga Cabai Rawit Meroket, Sebut...
2026-02-19 06:34:43,160 - INFO - Translating to English [35/90]: Pemerintah Bakal Kucurkan Banpres Rp3 Juta Buat 200.000 UMKM...
2026-02-19 06:34:44,081 - INFO - Translating to English [36/90]: Pengusaha Konveksi Mulai Kebanjiran Pesanan Jelang Lebaran 2...
2026-02-19 06:34:45,419 - INFO - Translating to English [37/90]: Untung Rugi Perminas Garap Logam Tanah Jarang di Gabon...
2026-02-19 06:34:46,409 - INFO - Translating to English [38/90]: DPR Soroti Merpati Airlines Tunggak Pesangon Eks Pegawai Rp2...
2026-02-19 06:34:47,941 - INFO - Translating to English [39/90]: Ekonom Dorong Transformasi Industri Padat Karya untuk Genjot...
2026-02-19 06:34:49,160 - INFO - Translating to English [40/90]: Purbaya Bandingkan Rasio Utang RI dengan Singapura Cs: Kami ...
2026-02-19 06:34:51,460 - INFO - Translating to English [41/90]: Ahli Tambang: Larangan Ekspor Timah Strategis untuk Bangun M...
2026-02-19 06:34:52,645 - INFO - Translating to English [42/90]: Kebut Kopdes Merah Putih, Kemenkop Bakal Sesuaikan Spesifika...
2026-02-19 06:34:53,676 - INFO - Translating to English [43/90]: IMF Usulkan Kerek Tarif PPh, Purbaya: Tarif Tidak Naik, Sebe...
2026-02-19 06:34:54,831 - INFO - Translating to English [44/90]: Ekspansi Dunia Usaha Belum Ngebut, Kadin Harap Danantara Jad...
2026-02-19 06:34:55,754 - INFO - Translating to English [45/90]: BPS: Harga Cabai Rawit Melonjak, Tertinggi Capai Rp200.000 p...
2026-02-19 06:34:56,731 - INFO - Translating to English [46/90]: Respons Purbaya Usai UU APBN Digugat ke MK Karena Anggaran M...
2026-02-19 06:34:57,969 - INFO - Translating to English [47/90]: 58% Dana Desa untuk Kopdes Merah Putih, Purbaya: Hitungan Sa...
2026-02-19 06:34:58,993 - INFO - Translating to English [48/90]: Aliran Gas Bumi di Balik Ornamen Merah dan Derap Perayaan Im...
2026-02-19 06:34:59,920 - INFO - Translating to English [49/90]: 200.000 UMKM Terdampak Bencana Sumatra, Utang Capai Rp12,19 ...
2026-02-19 06:35:00,882 - INFO - Translating to English [50/90]: BPS Catat Harga Minyakita Turun 2,87%, Tapi Masih Lampaui HE...
2026-02-19 06:35:01,813 - INFO - Translating to English [51/90]: Utang Luar Negeri Swasta Susut, Purbaya Bantah Pelaku Usaha ...
2026-02-19 06:35:02,837 - INFO - Translating to English [52/90]: Kabar Baik! Proyek KRL Surabaya Segera Dibangun, Ini Bocoran...
2026-02-19 06:35:04,464 - INFO - Translating to English [53/90]: Bocoran Menteri PU soal Besaran Diskon Tarif Tol Mudik Lebar...
2026-02-19 06:35:05,388 - INFO - Translating to English [54/90]: Menteri PKP Pastikan Program Gentengisasi 100% Pakai Produk ...
2026-02-19 06:35:06,365 - INFO - Translating to English [55/90]: Bank Dunia Soroti Stagnasi Manufaktur RI, Indef: Perkuat Ind...
2026-02-19 06:35:07,505 - INFO - Translating to English [56/90]: Harga CPO Naik, Kemendag Bakal Perbanyak Merek Minyak Goreng...
2026-02-19 06:35:08,528 - INFO - Translating to English [57/90]: Para Kades Ingin Temui Prabowo usai 58% Dana Desa untuk Kopd...
2026-02-19 06:35:09,627 - INFO - Translating to English [58/90]: Serapan Anggaran Kemenhub 2025 Cuma 88%, Ditjen Kereta Palin...
2026-02-19 06:35:10,726 - INFO - Translating to English [59/90]: Tito: Korban Bencana Sumatra Dapat Dana Tunggu Hunian Rp1,8 ...
2026-02-19 06:35:13,255 - INFO - Translating to English [60/90]: Denyut Sektor Properti Melemah, Daya Beli Kelas Menengah Jat...
2026-02-19 06:35:14,239 - INFO - Translating to English [61/90]: Mendag Bantah MBG Bikin Pasokan Telur-Daging Ayam Menipis...
2026-02-19 06:35:15,437 - INFO - Translating to English [62/90]: Purbaya Suntik Dana Tambahan Rp10,65 Triliun untuk Tangani B...
2026-02-19 06:35:16,398 - INFO - Translating to English [63/90]: Jadwal dan Tarif Damri Bekasi – Soekarno Hatta Terbaru 2026...
2026-02-19 06:35:17,329 - INFO - Translating to English [64/90]: Citilink Ubah Ketentuan Bagasi, Berlaku Mulai 1 Maret 2026...
2026-02-19 06:35:18,445 - INFO - Translating to English [65/90]: Bocoran Mendag soal Negosiasi Tarif Trump: Substansi Sudah S...
2026-02-19 06:35:19,934 - INFO - Translating to English [66/90]: Menteri PU Curhat Dana Tanggap Darurat Rp4,3 Triliun Belum D...
2026-02-19 06:35:20,887 - INFO - Translating to English [67/90]: Mendag Ungkap Jurus Stabilkan Harga Telur hingga Minyakita s...
2026-02-19 06:35:21,925 - INFO - Translating to English [68/90]: LRT: Penumpang Boleh Buka Puasa di Kereta hingga Pukul 19.00...
2026-02-19 06:35:22,907 - INFO - Translating to English [69/90]: Berkshire Warren Buffett Jual Saham Teknologi, Beli Media Hi...
2026-02-19 06:35:23,977 - INFO - Translating to English [70/90]: Pemerintah Pastikan Tarif Trump untuk Indonesia 19%, Sawit, ...
2026-02-19 06:35:25,116 - INFO - Translating to English [71/90]: Purbaya ungkap 3 Skema Alokasi Anggaran Rehabilitasi Pasca B...
2026-02-19 06:35:26,013 - INFO - Translating to English [72/90]: KAI Commuter: Penumpang Boleh Buka Puasa di KRL saat Ramadan...
2026-02-19 06:35:26,925 - INFO - Translating to English [73/90]: Kemenhub: Operator yang Hentikan Penerbangan Perintis di Pap...
2026-02-19 06:35:27,952 - INFO - Translating to English [74/90]: DJP Catat 13,9 Juta WP Aktivasi Coretax, Baru 2,9 Juta yang ...
2026-02-19 06:35:28,995 - INFO - Translating to English [75/90]: Mendag Blak-blakan Penyebab Harga Minyakita Belum Turun Jela...
2026-02-19 06:35:30,332 - INFO - Translating to English [76/90]: 21 Menara Telekomunikasi Bayan Group Hubungkan Wilayah Terpe...
2026-02-19 06:35:31,350 - INFO - Translating to English [77/90]: EMAS Mulai Produksi Emas di Tambang Pani, Target Tahun Perta...
2026-02-19 06:35:32,283 - INFO - Translating to English [78/90]: Harga Batu Bara Acuan (HBA) Periode Kedua Februari 2026 Komp...
2026-02-19 06:35:33,269 - INFO - Translating to English [79/90]: Mendag Akui Harga Minyakita-Telur Ayam Naik Jelang Ramadan 2...
2026-02-19 06:35:34,223 - INFO - Translating to English [80/90]: Utang Luar Negeri RI Naik Jadi Rp7.196 Triliun per Kuartal I...
2026-02-19 06:35:35,146 - INFO - Translating to English [81/90]: Simak Jadwal Sementara Whoosh Selama Pemindahan Kabel SUTT K...
2026-02-19 06:35:36,051 - INFO - Translating to English [82/90]: Kesepakatan Dagang AS-Jepang Mulai Berjalan, Investasi Awal ...
2026-02-19 06:35:37,150 - INFO - Translating to English [83/90]: Transformasi Ekonomi Berjalan Pelan, Manufaktur RI Disorot B...
2026-02-19 06:35:38,433 - INFO - Translating to English [84/90]: Utilisasi Industri Pemintalan Anjlok, Pembelian Kapas AS Ter...
2026-02-19 06:35:39,303 - INFO - Translating to English [85/90]: Harga Pangan Hari Ini 18 Februari: Harga Beras Turun, Daging...
2026-02-19 06:35:40,308 - INFO - Translating to English [86/90]: Konstruksi Sekolah Rakyat Tahap II Jateng Dimulai, Ini Sebar...
2026-02-19 06:35:41,267 - INFO - Translating to English [87/90]: Sederet Catatan Penting Jelang Finalisasi Tarif Dagang RI-AS...
2026-02-19 06:35:42,459 - INFO - Translating to English [88/90]: Ekonomi Riil Melemah, Mobilitas Mudik Lebaran 2026 Diperkira...
2026-02-19 06:35:43,616 - INFO - Translating to English [89/90]: Potret Pengeluaran Warga RI: Kelas Atas Masih Dominan, Kelas...
2026-02-19 06:35:45,087 - INFO - Translating to English [90/90]: Industri Tekstil RI Menanti 'Tuah' Pertemuan Prabowo–Trump...
2026-02-19 06:35:46,484 - INFO - Saved 90 translated articles (en) to news_data_translated_en.json
2026-02-19 06:35:46,484 - INFO - Added 90 English translated articles
2026-02-19 06:35:46,484 - INFO - Translating 90 new articles to Thai...
2026-02-19 06:35:46,484 - INFO - Translating to Thai [1/90]: Isu Perang AS-Iran Bayangi Pasokan, Harga Minyak Global Meng...
2026-02-19 06:35:50,305 - INFO - Translating to Thai [2/90]: Prabowo Pamer Hemat Anggaran Rp303,14 T di Business Summit U...
2026-02-19 06:35:53,649 - INFO - Translating to Thai [3/90]: Purbaya Buka-bukaan Alasan Maksimalkan Defisit APBN 2025 hin...
2026-02-19 06:35:56,990 - INFO - Translating to Thai [4/90]: RI Gandeng AS Bangun Industri Semikonduktor Senilai Rp82,88 ...
2026-02-19 06:36:00,128 - INFO - Translating to Thai [5/90]: OPINI: Reformasi Hukum Persaingan Usaha...
2026-02-19 06:36:04,685 - INFO - Translating to Thai [6/90]: Freeport Sepakat Beri Tambahan 12% Saham untuk RI Gratis...
2026-02-19 06:36:07,640 - INFO - Translating to Thai [7/90]: Freeport-RI Sepakati Perpanjangan Izin Tambang Usai 2041, Ko...
2026-02-19 06:36:09,897 - INFO - Translating to Thai [8/90]: THR PNS 2026 Segera Cair Awal Ramadan, Ini Besaran dan Atura...
2026-02-19 06:36:13,693 - INFO - Translating to Thai [9/90]: Pemerintah Mau Eksekusi Paksa Hotel Sultan, Begini Nasib Par...
2026-02-19 06:36:17,143 - INFO - Translating to Thai [10/90]: BayRun for Charity Lahirkan Solusi Berkelanjutan, 12.400 Jiw...
2026-02-19 06:36:20,573 - INFO - Translating to Thai [11/90]: Daftar Pengusaha yang Ikut Prabowo ke AS: Bos Pertamina hing...
2026-02-19 06:36:23,532 - INFO - Translating to Thai [12/90]: Penjelasan Anak Buah Purbaya Imbas Penawaran SUN Turun Berun...
2026-02-19 06:36:27,531 - INFO - Translating to Thai [13/90]: Nasib Pembiayaan APBN Ketika Surat Utang Pemerintah Sepi Pem...
2026-02-19 06:36:31,385 - INFO - Translating to Thai [14/90]: Pengusaha Mamin: Butuh Roadmap untuk Lepas dari Ketergantung...
2026-02-19 06:36:34,314 - INFO - Translating to Thai [15/90]: Prabowo Pamer ke Pengusaha AS: Kami Tak Pernah Gagal Bayar, ...
2026-02-19 06:36:37,709 - INFO - Translating to Thai [16/90]: Disaksikan Prabowo, Pengusaha Teken 11 MoU Investasi RI-AS R...
2026-02-19 06:36:39,343 - INFO - Translating to Thai [17/90]: Risalah FOMC The Fed: Waspadai Inflasi, Opsi Kenaikan Suku B...
2026-02-19 06:36:43,462 - INFO - Translating to Thai [18/90]: Pontjo Sutowo Tolak Serahkan Hotel Sultan, Pemerintah Ajukan...
2026-02-19 06:36:45,753 - INFO - Translating to Thai [19/90]: Pedagang Pasar Parung Panjang Mengeluh Harga Telur Melambung...
2026-02-19 06:36:49,381 - INFO - Translating to Thai [20/90]: MRT Perbolehkan Penumpang Berbuka Puasa di Dalam Kereta Sela...
2026-02-19 06:36:51,731 - INFO - Translating to Thai [21/90]: Airlangga: Prabowo dan Trump Bakal Teken Kesepakatan Tarif D...
2026-02-19 06:36:55,392 - INFO - Translating to Thai [22/90]: Prabowo: Investasi di MBG Bisa Untung hingga 35 Kali Lipat...
2026-02-19 06:36:58,102 - INFO - Translating to Thai [23/90]: Sepi Peminat, Jumlah Penawaran Lelang Surat Utang Negara Anj...
2026-02-19 06:37:01,113 - INFO - Translating to Thai [24/90]: MRT Perluas Jalur Bawah Tanah, Terintegrasi dengan Grand Hya...
2026-02-19 06:37:03,400 - INFO - Translating to Thai [25/90]: Beda Purbaya dan Para Kades Sikapi 58% Dana Desa untuk Kopde...
2026-02-19 06:37:08,115 - INFO - Translating to Thai [26/90]: Beda Purbaya dan Pengusaha Menyikapi Penyusutan Utang Valas ...
2026-02-19 06:37:10,668 - INFO - Translating to Thai [27/90]: Komisi V DPR:  Kemenhub Kekurangan Anggaran Rp20 Triliun...
2026-02-19 06:37:13,019 - INFO - Translating to Thai [28/90]: Persaingan Broker Properti di Era Digital...
2026-02-19 06:37:17,029 - INFO - Translating to Thai [29/90]: Seluruh Tempat Hiburan Malam di Makassar Tutup Sementara sel...
2026-02-19 06:37:22,245 - INFO - Translating to Thai [30/90]: Pengusaha Minta Pemerintah Siapkan Industri Hilir Sebelum Se...
2026-02-19 06:37:25,809 - INFO - Translating to Thai [31/90]: Usai Bangun 1.368 Huntara, Danantara Segera Groundbreaking H...
2026-02-19 06:37:28,191 - INFO - Translating to Thai [32/90]: Krakatau Steel (KRAS) Prediksi Kebutuhan Baja untuk Industri...
2026-02-19 06:37:30,925 - INFO - Translating to Thai [33/90]: Harga Daging dan Telur Ayam Ras Masih Tinggi, Imbas MBG?...
2026-02-19 06:37:34,140 - INFO - Translating to Thai [34/90]: Bapanas Ungkap Biang Keladi Harga Cabai Rawit Meroket, Sebut...
2026-02-19 06:37:36,473 - INFO - Translating to Thai [35/90]: Pemerintah Bakal Kucurkan Banpres Rp3 Juta Buat 200.000 UMKM...
2026-02-19 06:37:38,829 - INFO - Translating to Thai [36/90]: Pengusaha Konveksi Mulai Kebanjiran Pesanan Jelang Lebaran 2...
2026-02-19 06:37:41,209 - INFO - Translating to Thai [37/90]: Untung Rugi Perminas Garap Logam Tanah Jarang di Gabon...
2026-02-19 06:37:43,108 - INFO - Translating to Thai [38/90]: DPR Soroti Merpati Airlines Tunggak Pesangon Eks Pegawai Rp2...
2026-02-19 06:37:45,430 - INFO - Translating to Thai [39/90]: Ekonom Dorong Transformasi Industri Padat Karya untuk Genjot...
2026-02-19 06:37:49,916 - INFO - Translating to Thai [40/90]: Purbaya Bandingkan Rasio Utang RI dengan Singapura Cs: Kami ...
2026-02-19 06:37:51,734 - INFO - Translating to Thai [41/90]: Ahli Tambang: Larangan Ekspor Timah Strategis untuk Bangun M...
2026-02-19 06:37:54,282 - INFO - Translating to Thai [42/90]: Kebut Kopdes Merah Putih, Kemenkop Bakal Sesuaikan Spesifika...
2026-02-19 06:37:56,142 - INFO - Translating to Thai [43/90]: IMF Usulkan Kerek Tarif PPh, Purbaya: Tarif Tidak Naik, Sebe...
2026-02-19 06:38:00,056 - INFO - Translating to Thai [44/90]: Ekspansi Dunia Usaha Belum Ngebut, Kadin Harap Danantara Jad...
2026-02-19 06:38:02,710 - INFO - Translating to Thai [45/90]: BPS: Harga Cabai Rawit Melonjak, Tertinggi Capai Rp200.000 p...
2026-02-19 06:38:05,066 - INFO - Translating to Thai [46/90]: Respons Purbaya Usai UU APBN Digugat ke MK Karena Anggaran M...
2026-02-19 06:38:07,070 - INFO - Translating to Thai [47/90]: 58% Dana Desa untuk Kopdes Merah Putih, Purbaya: Hitungan Sa...
2026-02-19 06:38:09,144 - INFO - Translating to Thai [48/90]: Aliran Gas Bumi di Balik Ornamen Merah dan Derap Perayaan Im...
2026-02-19 06:38:12,216 - INFO - Translating to Thai [49/90]: 200.000 UMKM Terdampak Bencana Sumatra, Utang Capai Rp12,19 ...
2026-02-19 06:38:14,550 - INFO - Translating to Thai [50/90]: BPS Catat Harga Minyakita Turun 2,87%, Tapi Masih Lampaui HE...
2026-02-19 06:38:17,092 - INFO - Translating to Thai [51/90]: Utang Luar Negeri Swasta Susut, Purbaya Bantah Pelaku Usaha ...
2026-02-19 06:38:19,105 - INFO - Translating to Thai [52/90]: Kabar Baik! Proyek KRL Surabaya Segera Dibangun, Ini Bocoran...
2026-02-19 06:38:21,230 - INFO - Translating to Thai [53/90]: Bocoran Menteri PU soal Besaran Diskon Tarif Tol Mudik Lebar...
2026-02-19 06:38:23,047 - INFO - Translating to Thai [54/90]: Menteri PKP Pastikan Program Gentengisasi 100% Pakai Produk ...
2026-02-19 06:38:24,980 - INFO - Translating to Thai [55/90]: Bank Dunia Soroti Stagnasi Manufaktur RI, Indef: Perkuat Ind...
2026-02-19 06:38:27,728 - INFO - Translating to Thai [56/90]: Harga CPO Naik, Kemendag Bakal Perbanyak Merek Minyak Goreng...
2026-02-19 06:38:30,043 - INFO - Translating to Thai [57/90]: Para Kades Ingin Temui Prabowo usai 58% Dana Desa untuk Kopd...
2026-02-19 06:38:34,236 - INFO - Translating to Thai [58/90]: Serapan Anggaran Kemenhub 2025 Cuma 88%, Ditjen Kereta Palin...
2026-02-19 06:38:36,518 - INFO - Translating to Thai [59/90]: Tito: Korban Bencana Sumatra Dapat Dana Tunggu Hunian Rp1,8 ...
2026-02-19 06:38:38,854 - INFO - Translating to Thai [60/90]: Denyut Sektor Properti Melemah, Daya Beli Kelas Menengah Jat...
2026-02-19 06:38:42,637 - INFO - Translating to Thai [61/90]: Mendag Bantah MBG Bikin Pasokan Telur-Daging Ayam Menipis...
2026-02-19 06:38:44,737 - INFO - Translating to Thai [62/90]: Purbaya Suntik Dana Tambahan Rp10,65 Triliun untuk Tangani B...
2026-02-19 06:38:46,883 - INFO - Translating to Thai [63/90]: Jadwal dan Tarif Damri Bekasi – Soekarno Hatta Terbaru 2026...
2026-02-19 06:38:50,251 - INFO - Translating to Thai [64/90]: Citilink Ubah Ketentuan Bagasi, Berlaku Mulai 1 Maret 2026...
2026-02-19 06:38:53,592 - INFO - Translating to Thai [65/90]: Bocoran Mendag soal Negosiasi Tarif Trump: Substansi Sudah S...
2026-02-19 06:38:57,379 - INFO - Translating to Thai [66/90]: Menteri PU Curhat Dana Tanggap Darurat Rp4,3 Triliun Belum D...
2026-02-19 06:38:59,662 - INFO - Translating to Thai [67/90]: Mendag Ungkap Jurus Stabilkan Harga Telur hingga Minyakita s...
2026-02-19 06:39:02,078 - INFO - Translating to Thai [68/90]: LRT: Penumpang Boleh Buka Puasa di Kereta hingga Pukul 19.00...
2026-02-19 06:39:04,191 - INFO - Translating to Thai [69/90]: Berkshire Warren Buffett Jual Saham Teknologi, Beli Media Hi...
2026-02-19 06:39:06,438 - INFO - Translating to Thai [70/90]: Pemerintah Pastikan Tarif Trump untuk Indonesia 19%, Sawit, ...
2026-02-19 06:39:10,670 - INFO - Translating to Thai [71/90]: Purbaya ungkap 3 Skema Alokasi Anggaran Rehabilitasi Pasca B...
2026-02-19 06:39:12,639 - INFO - Translating to Thai [72/90]: KAI Commuter: Penumpang Boleh Buka Puasa di KRL saat Ramadan...
2026-02-19 06:39:14,340 - INFO - Translating to Thai [73/90]: Kemenhub: Operator yang Hentikan Penerbangan Perintis di Pap...
2026-02-19 06:39:17,658 - INFO - Translating to Thai [74/90]: DJP Catat 13,9 Juta WP Aktivasi Coretax, Baru 2,9 Juta yang ...
2026-02-19 06:39:21,050 - INFO - Translating to Thai [75/90]: Mendag Blak-blakan Penyebab Harga Minyakita Belum Turun Jela...
2026-02-19 06:39:23,677 - INFO - Translating to Thai [76/90]: 21 Menara Telekomunikasi Bayan Group Hubungkan Wilayah Terpe...
2026-02-19 06:39:26,097 - INFO - Translating to Thai [77/90]: EMAS Mulai Produksi Emas di Tambang Pani, Target Tahun Perta...
2026-02-19 06:39:28,417 - INFO - Translating to Thai [78/90]: Harga Batu Bara Acuan (HBA) Periode Kedua Februari 2026 Komp...
2026-02-19 06:39:30,772 - INFO - Translating to Thai [79/90]: Mendag Akui Harga Minyakita-Telur Ayam Naik Jelang Ramadan 2...
2026-02-19 06:39:32,845 - INFO - Translating to Thai [80/90]: Utang Luar Negeri RI Naik Jadi Rp7.196 Triliun per Kuartal I...
2026-02-19 06:39:35,830 - INFO - Translating to Thai [81/90]: Simak Jadwal Sementara Whoosh Selama Pemindahan Kabel SUTT K...
2026-02-19 06:39:38,398 - INFO - Translating to Thai [82/90]: Kesepakatan Dagang AS-Jepang Mulai Berjalan, Investasi Awal ...
2026-02-19 06:39:41,703 - INFO - Translating to Thai [83/90]: Transformasi Ekonomi Berjalan Pelan, Manufaktur RI Disorot B...
2026-02-19 06:39:48,145 - INFO - Translating to Thai [84/90]: Utilisasi Industri Pemintalan Anjlok, Pembelian Kapas AS Ter...
2026-02-19 06:39:51,259 - INFO - Translating to Thai [85/90]: Harga Pangan Hari Ini 18 Februari: Harga Beras Turun, Daging...
2026-02-19 06:39:53,269 - INFO - Translating to Thai [86/90]: Konstruksi Sekolah Rakyat Tahap II Jateng Dimulai, Ini Sebar...
2026-02-19 06:39:55,479 - INFO - Translating to Thai [87/90]: Sederet Catatan Penting Jelang Finalisasi Tarif Dagang RI-AS...
2026-02-19 06:40:01,411 - INFO - Translating to Thai [88/90]: Ekonomi Riil Melemah, Mobilitas Mudik Lebaran 2026 Diperkira...
2026-02-19 06:40:03,389 - INFO - Translating to Thai [89/90]: Potret Pengeluaran Warga RI: Kelas Atas Masih Dominan, Kelas...
2026-02-19 06:40:07,144 - INFO - Translating to Thai [90/90]: Industri Tekstil RI Menanti 'Tuah' Pertemuan Prabowo–Trump...
2026-02-19 06:40:10,112 - INFO - Saved 90 translated articles (th) to news_data_translated_th.json
2026-02-19 06:40:10,112 - INFO - Added 90 Thai translated articles
